Using pre-set license
Built from '6000.0/release' branch; Version is '6000.0.25f1 (4859ab7b5a49) revision 4741547'; Using compiler version '193933523'; Build Type 'Release'
OS: 'Windows 10  (10.0.19045) 64bit Professional' Language: 'es' Physical Memory: 8056 MB
BatchMode: 1, IsHumanControllingUs: 0, StartBugReporterOnCrash: 0, Is64bit: 1, IsPro: 1

COMMAND LINE ARGUMENTS:
C:\Program Files\Unity\Hub\Editor\6000.0.25f1\Editor\Unity.exe
-adb2
-batchMode
-noUpm
-name
AssetImportWorker0
-projectPath
C:/Users/VECI/Documents/2024B/JUEGOS INTERACTIVOS/juegos-sw-gr1-panchi-viteri-steeven-gabriel/03-Examenes/Examen-IIB/Examen IIB
-logFile
Logs/AssetImportWorker0.log
-srvPort
49693
-job-worker-count
1
-background-job-worker-count
8
-asset-garbage-collectors
1
Successfully changed project path to: C:/Users/VECI/Documents/2024B/JUEGOS INTERACTIVOS/juegos-sw-gr1-panchi-viteri-steeven-gabriel/03-Examenes/Examen-IIB/Examen IIB
C:/Users/VECI/Documents/2024B/JUEGOS INTERACTIVOS/juegos-sw-gr1-panchi-viteri-steeven-gabriel/03-Examenes/Examen-IIB/Examen IIB
[UnityMemory] Configuration Parameters - Can be set up in boot.config
    "memorysetup-bucket-allocator-granularity=16"
    "memorysetup-bucket-allocator-bucket-count=8"
    "memorysetup-bucket-allocator-block-size=33554432"
    "memorysetup-bucket-allocator-block-count=8"
    "memorysetup-main-allocator-block-size=16777216"
    "memorysetup-thread-allocator-block-size=16777216"
    "memorysetup-gfx-main-allocator-block-size=16777216"
    "memorysetup-gfx-thread-allocator-block-size=16777216"
    "memorysetup-cache-allocator-block-size=4194304"
    "memorysetup-typetree-allocator-block-size=2097152"
    "memorysetup-profiler-bucket-allocator-granularity=16"
    "memorysetup-profiler-bucket-allocator-bucket-count=8"
    "memorysetup-profiler-bucket-allocator-block-size=33554432"
    "memorysetup-profiler-bucket-allocator-block-count=8"
    "memorysetup-profiler-allocator-block-size=16777216"
    "memorysetup-profiler-editor-allocator-block-size=1048576"
    "memorysetup-temp-allocator-size-main=16777216"
    "memorysetup-job-temp-allocator-block-size=2097152"
    "memorysetup-job-temp-allocator-block-size-background=1048576"
    "memorysetup-job-temp-allocator-reduction-small-platforms=262144"
    "memorysetup-allocator-temp-initial-block-size-main=262144"
    "memorysetup-allocator-temp-initial-block-size-worker=262144"
    "memorysetup-temp-allocator-size-background-worker=32768"
    "memorysetup-temp-allocator-size-job-worker=262144"
    "memorysetup-temp-allocator-size-preload-manager=33554432"
    "memorysetup-temp-allocator-size-nav-mesh-worker=65536"
    "memorysetup-temp-allocator-size-audio-worker=65536"
    "memorysetup-temp-allocator-size-cloud-worker=32768"
    "memorysetup-temp-allocator-size-gi-baking-worker=262144"
    "memorysetup-temp-allocator-size-gi-baking-worker=262144"
    "memorysetup-temp-allocator-size-gi-baking-worker=262144"
    "memorysetup-temp-allocator-size-gi-baking-worker=262144"
    "memorysetup-temp-allocator-size-gi-baking-worker=262144"
    "memorysetup-temp-allocator-size-gfx=262144"
Player connection [15064]  Target information:

Player connection [15064]  * "[IP] 192.168.56.1 [Port] 0 [Flags] 2 [Guid] 669396450 [EditorId] 669396450 [Version] 1048832 [Id] WindowsEditor(7,DESKTOP-07F54JK) [Debug] 1 [PackageName] WindowsEditor [ProjectName] Editor" 

Player connection [15064] Host joined multi-casting on [225.0.0.222:54997]...
Player connection [15064] Host joined alternative multi-casting on [225.0.0.222:34997]...
JobSystem: Creating JobQueue using job-worker-count value 1
[Physics::Module] Initialized fallback backend.
[Physics::Module] Id: 0xdecafbad
Library Redirect Path: Library/
[Physics::Module] Selected backend.
[Physics::Module] Name: PhysX
[Physics::Module] Id: 0xf2b8ea05
[Physics::Module] SDK Version: 4.1.2
[Physics::Module] Integration Version: 1.0.0
[Physics::Module] Threading Mode: Multi-Threaded
Refreshing native plugins compatible for Editor in 0.00 ms, found 0 plugins.
Preloading 0 native plugins for Editor in 0.00 ms.
Initialize engine version: 6000.0.25f1 (4859ab7b5a49)
[Subsystems] Discovering subsystems at path C:/Program Files/Unity/Hub/Editor/6000.0.25f1/Editor/Data/Resources/UnitySubsystems
[Subsystems] Discovering subsystems at path C:/Users/VECI/Documents/2024B/JUEGOS INTERACTIVOS/juegos-sw-gr1-panchi-viteri-steeven-gabriel/03-Examenes/Examen-IIB/Examen IIB/Assets
GfxDevice: creating device client; kGfxThreadingModeNonThreaded
Direct3D:
    Version:  Direct3D 11.0 [level 11.1]
    Renderer: Intel(R) UHD Graphics 620 (ID=0x5917)
    Vendor:   Intel
    VRAM:     4028 MB
    Driver:   27.20.100.9664
Initialize mono
Mono path[0] = 'C:/Program Files/Unity/Hub/Editor/6000.0.25f1/Editor/Data/Managed'
Mono path[1] = 'C:/Program Files/Unity/Hub/Editor/6000.0.25f1/Editor/Data/MonoBleedingEdge/lib/mono/unityjit-win32'
Mono config path = 'C:/Program Files/Unity/Hub/Editor/6000.0.25f1/Editor/Data/MonoBleedingEdge/etc'
Using monoOptions --debugger-agent=transport=dt_socket,embedding=1,server=y,suspend=n,address=127.0.0.1:56060
Begin MonoManager ReloadAssembly
Registering precompiled unity dll's ...
Register platform support module: C:/Program Files/Unity/Hub/Editor/6000.0.25f1/Editor/Data/PlaybackEngines/WebGLSupport/UnityEditor.WebGL.Extensions.dll
Register platform support module: C:/Program Files/Unity/Hub/Editor/6000.0.25f1/Editor/Data/PlaybackEngines/WindowsStandaloneSupport/UnityEditor.WindowsStandalone.Extensions.dll
Registered in 0.011015 seconds.
- Loaded All Assemblies, in  1.633 seconds
Native extension for WindowsStandalone target not found
Native extension for WebGL target not found
Mono: successfully reloaded assembly
- Finished resetting the current domain, in  1.828 seconds
Domain Reload Profiling: 3456ms
	BeginReloadAssembly (685ms)
		ExecutionOrderSort (0ms)
		DisableScriptedObjects (0ms)
		BackupInstance (0ms)
		ReleaseScriptingObjects (0ms)
		CreateAndSetChildDomain (2ms)
	RebuildCommonClasses (123ms)
	RebuildNativeTypeToScriptingClass (39ms)
	initialDomainReloadingComplete (151ms)
	LoadAllAssembliesAndSetupDomain (628ms)
		LoadAssemblies (681ms)
		RebuildTransferFunctionScriptingTraits (0ms)
		AnalyzeDomain (619ms)
			TypeCache.Refresh (616ms)
				TypeCache.ScanAssembly (578ms)
			BuildScriptInfoCaches (0ms)
			ResolveRequiredComponents (1ms)
	FinalizeReload (1829ms)
		ReleaseScriptCaches (0ms)
		RebuildScriptCaches (0ms)
		SetupLoadedEditorAssemblies (1713ms)
			LogAssemblyErrors (0ms)
			InitializePlatformSupportModulesInManaged (146ms)
			SetLoadedEditorAssemblies (14ms)
			BeforeProcessingInitializeOnLoad (44ms)
			ProcessInitializeOnLoadAttributes (588ms)
			ProcessInitializeOnLoadMethodAttributes (289ms)
			AfterProcessingInitializeOnLoad (632ms)
			EditorAssembliesLoaded (0ms)
		ExecutionOrderSort2 (0ms)
		AwakeInstancesAfterBackupRestoration (0ms)
========================================================================
Worker process is ready to serve import requests
Import Worker Mode flag is 0x00
Begin MonoManager ReloadAssembly
- Loaded All Assemblies, in  1.625 seconds
Refreshing native plugins compatible for Editor in 0.00 ms, found 0 plugins.
Native extension for WindowsStandalone target not found
Native extension for WebGL target not found
Mono: successfully reloaded assembly
- Finished resetting the current domain, in  2.406 seconds
Domain Reload Profiling: 4026ms
	BeginReloadAssembly (1338ms)
		ExecutionOrderSort (0ms)
		DisableScriptedObjects (39ms)
		BackupInstance (0ms)
		ReleaseScriptingObjects (0ms)
		CreateAndSetChildDomain (86ms)
	RebuildCommonClasses (132ms)
	RebuildNativeTypeToScriptingClass (42ms)
	initialDomainReloadingComplete (70ms)
	LoadAllAssembliesAndSetupDomain (35ms)
		LoadAssemblies (350ms)
		RebuildTransferFunctionScriptingTraits (0ms)
		AnalyzeDomain (25ms)
			TypeCache.Refresh (15ms)
				TypeCache.ScanAssembly (6ms)
			BuildScriptInfoCaches (4ms)
			ResolveRequiredComponents (1ms)
	FinalizeReload (2408ms)
		ReleaseScriptCaches (0ms)
		RebuildScriptCaches (0ms)
		SetupLoadedEditorAssemblies (1586ms)
			LogAssemblyErrors (0ms)
			InitializePlatformSupportModulesInManaged (10ms)
			SetLoadedEditorAssemblies (13ms)
			BeforeProcessingInitializeOnLoad (92ms)
			ProcessInitializeOnLoadAttributes (605ms)
			ProcessInitializeOnLoadMethodAttributes (144ms)
			AfterProcessingInitializeOnLoad (722ms)
			EditorAssembliesLoaded (0ms)
		ExecutionOrderSort2 (0ms)
		AwakeInstancesAfterBackupRestoration (24ms)
Launched and connected shader compiler UnityShaderCompiler.exe after 0.04 seconds
Refreshing native plugins compatible for Editor in 0.00 ms, found 0 plugins.
Preloading 0 native plugins for Editor in 0.00 ms.
Unloading 7 Unused Serialized files (Serialized files now loaded: 0)
Unloading 66 unused Assets / (73.3 KB). Loaded Objects now: 662.
Memory consumption went from 77.3 MB to 77.2 MB.
Total: 11.714000 ms (FindLiveObjects: 0.104200 ms CreateObjectMapping: 0.043100 ms MarkObjects: 11.427600 ms  DeleteObjects: 0.125900 ms)

========================================================================
Received Import Request.
  Time since last request: 219.953310 seconds.
  path: Assets/charco.png
  artifactKey: Guid(7a181c0977e4e194c8750ddbb77e8f42) Importer(815301076,1909f56bfc062723c751e8b465ee728b)
Start importing Assets/charco.png using Guid(7a181c0977e4e194c8750ddbb77e8f42) Importer(815301076,1909f56bfc062723c751e8b465ee728b) (PreviewImporter) -> (artifact id: '785742d89b6bbbc4900617031be65c17') in 0.2920011 seconds
Number of updated asset objects reloaded before import = 0Number of asset objects unloaded after import = 3

========================================================================
Received Import Request.
  Time since last request: 0.000118 seconds.
  path: Assets/tronco.png
  artifactKey: Guid(5c6b8e4ae3b2f4e4da17cf91d8784fad) Importer(815301076,1909f56bfc062723c751e8b465ee728b)
Start importing Assets/tronco.png using Guid(5c6b8e4ae3b2f4e4da17cf91d8784fad) Importer(815301076,1909f56bfc062723c751e8b465ee728b) (PreviewImporter) -> (artifact id: '5e0d3799517ec552fd99197c68169b3f') in 0.0359565 seconds
Number of updated asset objects reloaded before import = 0Number of asset objects unloaded after import = 3

========================================================================
Received Import Request.
  Time since last request: 0.000025 seconds.
  path: Assets/noche.png
  artifactKey: Guid(71934a9879e54114ca27e88f21553b45) Importer(815301076,1909f56bfc062723c751e8b465ee728b)
Start importing Assets/noche.png using Guid(71934a9879e54114ca27e88f21553b45) Importer(815301076,1909f56bfc062723c751e8b465ee728b) (PreviewImporter) -> (artifact id: '19b2989e6792f0342215cdc727da2943') in 0.0413121 seconds
Number of updated asset objects reloaded before import = 0Number of asset objects unloaded after import = 3

========================================================================
Received Import Request.
  Time since last request: 0.000073 seconds.
  path: Assets/edf2.png
  artifactKey: Guid(d4011201eac2abb4389d9a276d0ea3b2) Importer(815301076,1909f56bfc062723c751e8b465ee728b)
Start importing Assets/edf2.png using Guid(d4011201eac2abb4389d9a276d0ea3b2) Importer(815301076,1909f56bfc062723c751e8b465ee728b) (PreviewImporter) -> (artifact id: '22b0f0e28a5afa85729a299e661b6e41') in 0.0381379 seconds
Number of updated asset objects reloaded before import = 0Number of asset objects unloaded after import = 3

========================================================================
Received Import Request.
  Time since last request: 0.000128 seconds.
  path: Assets/montañas.png
  artifactKey: Guid(22fcee7c4e4007c40bd2d34975b58913) Importer(815301076,1909f56bfc062723c751e8b465ee728b)
Start importing Assets/montañas.png using Guid(22fcee7c4e4007c40bd2d34975b58913) Importer(815301076,1909f56bfc062723c751e8b465ee728b) (PreviewImporter) -> (artifact id: 'c49d340e9834dd754e0bcdfbf714ccc8') in 0.0362894 seconds
Number of updated asset objects reloaded before import = 0Number of asset objects unloaded after import = 3

========================================================================
Received Import Request.
  Time since last request: 0.000249 seconds.
  path: Assets/car_people7.png
  artifactKey: Guid(f551d7c033a53274b8a9025ca24e06c1) Importer(815301076,1909f56bfc062723c751e8b465ee728b)
Start importing Assets/car_people7.png using Guid(f551d7c033a53274b8a9025ca24e06c1) Importer(815301076,1909f56bfc062723c751e8b465ee728b) (PreviewImporter) -> (artifact id: 'f72f56f27afb71aafa022e4e148b63ce') in 0.039733 seconds
Number of updated asset objects reloaded before import = 0Number of asset objects unloaded after import = 3

========================================================================
Received Import Request.
  Time since last request: 0.000027 seconds.
  path: Assets/edificio.png
  artifactKey: Guid(6ba3b462c34f9534fbe22511a1729d08) Importer(815301076,1909f56bfc062723c751e8b465ee728b)
Start importing Assets/edificio.png using Guid(6ba3b462c34f9534fbe22511a1729d08) Importer(815301076,1909f56bfc062723c751e8b465ee728b) (PreviewImporter) -> (artifact id: '33a5582563a338c4210f0868c16fd23d') in 0.0451453 seconds
Number of updated asset objects reloaded before import = 0Number of asset objects unloaded after import = 3

========================================================================
Received Import Request.
  Time since last request: 39.150143 seconds.
  path: Assets/F1Car/Sprite/Arrow_left.png
  artifactKey: Guid(5c5324264b1e28444ad85ccab32cd89b) Importer(815301076,1909f56bfc062723c751e8b465ee728b)
Start importing Assets/F1Car/Sprite/Arrow_left.png using Guid(5c5324264b1e28444ad85ccab32cd89b) Importer(815301076,1909f56bfc062723c751e8b465ee728b) (PreviewImporter) -> (artifact id: '5d17170ac6fd0f62c6f8152cc511cb33') in 0.0365731 seconds
Number of updated asset objects reloaded before import = 0Number of asset objects unloaded after import = 3

========================================================================
Received Import Request.
  Time since last request: 0.000207 seconds.
  path: Assets/F1Car/Sprite/Road4.png
  artifactKey: Guid(1843fbfbc4a7df540bc3a6ff21ca5419) Importer(815301076,1909f56bfc062723c751e8b465ee728b)
Start importing Assets/F1Car/Sprite/Road4.png using Guid(1843fbfbc4a7df540bc3a6ff21ca5419) Importer(815301076,1909f56bfc062723c751e8b465ee728b) (PreviewImporter) -> (artifact id: '0d325d1341ba87995583baea66c4d012') in 0.0248245 seconds
Number of updated asset objects reloaded before import = 0Number of asset objects unloaded after import = 3

========================================================================
Received Import Request.
  Time since last request: 0.000023 seconds.
  path: Assets/F1Car/Sprite/Obj_Bush.png
  artifactKey: Guid(b41886178a0601849a7c9572ec4df5f4) Importer(815301076,1909f56bfc062723c751e8b465ee728b)
Start importing Assets/F1Car/Sprite/Obj_Bush.png using Guid(b41886178a0601849a7c9572ec4df5f4) Importer(815301076,1909f56bfc062723c751e8b465ee728b) (PreviewImporter) -> (artifact id: '4115dd9dac4664554cabf3ced6b53364') in 0.0264637 seconds
Number of updated asset objects reloaded before import = 0Number of asset objects unloaded after import = 3

========================================================================
Received Import Request.
  Time since last request: 0.000027 seconds.
  path: Assets/F1Car/Sprite/Obj2.png
  artifactKey: Guid(d77eb5d41bdba5c47a307415c879dd72) Importer(815301076,1909f56bfc062723c751e8b465ee728b)
Start importing Assets/F1Car/Sprite/Obj2.png using Guid(d77eb5d41bdba5c47a307415c879dd72) Importer(815301076,1909f56bfc062723c751e8b465ee728b) (PreviewImporter) -> (artifact id: '7919b4ac6a75031b6ada4e246c5044ce') in 0.0382554 seconds
Number of updated asset objects reloaded before import = 0Number of asset objects unloaded after import = 3

========================================================================
Received Import Request.
  Time since last request: 0.000049 seconds.
  path: Assets/F1Car/Sprite/Road2.png
  artifactKey: Guid(6176a52d3d556ee438a5f3ff7e248fcf) Importer(815301076,1909f56bfc062723c751e8b465ee728b)
Start importing Assets/F1Car/Sprite/Road2.png using Guid(6176a52d3d556ee438a5f3ff7e248fcf) Importer(815301076,1909f56bfc062723c751e8b465ee728b) (PreviewImporter) -> (artifact id: '167a53aa266e37f44fa2ccc9bb71256f') in 0.0374432 seconds
Number of updated asset objects reloaded before import = 0Number of asset objects unloaded after import = 3

========================================================================
Received Import Request.
  Time since last request: 0.000037 seconds.
  path: Assets/F1Car/Sprite/Arrow_Right.png
  artifactKey: Guid(40ffdbc17dd294d4988a497c45738408) Importer(815301076,1909f56bfc062723c751e8b465ee728b)
Start importing Assets/F1Car/Sprite/Arrow_Right.png using Guid(40ffdbc17dd294d4988a497c45738408) Importer(815301076,1909f56bfc062723c751e8b465ee728b) (PreviewImporter) -> (artifact id: '448df6b416091efc0e56cbc9a87f80b1') in 0.035545 seconds
Number of updated asset objects reloaded before import = 0Number of asset objects unloaded after import = 3

========================================================================
Received Import Request.
  Time since last request: 0.000144 seconds.
  path: Assets/F1Car/Sprite/screenshot.png
  artifactKey: Guid(384a8bd24342b51489841ef50f312a9a) Importer(815301076,1909f56bfc062723c751e8b465ee728b)
Start importing Assets/F1Car/Sprite/screenshot.png using Guid(384a8bd24342b51489841ef50f312a9a) Importer(815301076,1909f56bfc062723c751e8b465ee728b) (PreviewImporter) -> (artifact id: '55ec979354d1ec626c79eea1fb2f753a') in 0.0552329 seconds
Number of updated asset objects reloaded before import = 0Number of asset objects unloaded after import = 3

========================================================================
Received Import Request.
  Time since last request: 0.000052 seconds.
  path: Assets/F1Car/Sprite/lago.png
  artifactKey: Guid(e8c8cd2cb36ff2149afa34d535e05b53) Importer(815301076,1909f56bfc062723c751e8b465ee728b)
Start importing Assets/F1Car/Sprite/lago.png using Guid(e8c8cd2cb36ff2149afa34d535e05b53) Importer(815301076,1909f56bfc062723c751e8b465ee728b) (PreviewImporter) -> (artifact id: '95d75c5ca71f218d17f668776828a7aa') in 0.0352644 seconds
Number of updated asset objects reloaded before import = 0Number of asset objects unloaded after import = 3

========================================================================
Received Import Request.
  Time since last request: 0.000024 seconds.
  path: Assets/F1Car/Sprite/tire.png
  artifactKey: Guid(c0623c6a812ee204aaa19f2f20bf7245) Importer(815301076,1909f56bfc062723c751e8b465ee728b)
Start importing Assets/F1Car/Sprite/tire.png using Guid(c0623c6a812ee204aaa19f2f20bf7245) Importer(815301076,1909f56bfc062723c751e8b465ee728b) (PreviewImporter) -> (artifact id: '3c41c5de82957e7dcb858282f9e4552a') in 0.0386128 seconds
Number of updated asset objects reloaded before import = 0Number of asset objects unloaded after import = 3

========================================================================
Received Import Request.
  Time since last request: 0.000392 seconds.
  path: Assets/F1Car/Sprite/Road.png
  artifactKey: Guid(5856bb68d20789e46a8914600597adc8) Importer(815301076,1909f56bfc062723c751e8b465ee728b)
Start importing Assets/F1Car/Sprite/Road.png using Guid(5856bb68d20789e46a8914600597adc8) Importer(815301076,1909f56bfc062723c751e8b465ee728b) (PreviewImporter) -> (artifact id: '524742a5ba3e245f0e743106f6a375a9') in 0.037362 seconds
Number of updated asset objects reloaded before import = 0Number of asset objects unloaded after import = 3

========================================================================
Received Import Request.
  Time since last request: 0.000029 seconds.
  path: Assets/F1Car/Sprite/win.jpg
  artifactKey: Guid(e4e5cb9cd4670ef4e99c20c5d3e4c2da) Importer(815301076,1909f56bfc062723c751e8b465ee728b)
Start importing Assets/F1Car/Sprite/win.jpg using Guid(e4e5cb9cd4670ef4e99c20c5d3e4c2da) Importer(815301076,1909f56bfc062723c751e8b465ee728b) (PreviewImporter) -> (artifact id: 'dbf4c242d7a60307c752441a948bfad3') in 0.0353292 seconds
Number of updated asset objects reloaded before import = 0Number of asset objects unloaded after import = 3

========================================================================
Received Import Request.
  Time since last request: 0.000146 seconds.
  path: Assets/F1Car/Sprite/Obj1.png
  artifactKey: Guid(53e4f97dbad78364c9a898cb4bb73152) Importer(815301076,1909f56bfc062723c751e8b465ee728b)
Start importing Assets/F1Car/Sprite/Obj1.png using Guid(53e4f97dbad78364c9a898cb4bb73152) Importer(815301076,1909f56bfc062723c751e8b465ee728b) (PreviewImporter) -> (artifact id: 'a18dafedf29bfe222a0a9fd3389bb244') in 0.0350712 seconds
Number of updated asset objects reloaded before import = 0Number of asset objects unloaded after import = 3

========================================================================
Received Import Request.
  Time since last request: 0.000041 seconds.
  path: Assets/F1Car/Sprite
  artifactKey: Guid(9238b577f7f73e14eac13176a114bc4d) Importer(815301076,1909f56bfc062723c751e8b465ee728b)
Start importing Assets/F1Car/Sprite using Guid(9238b577f7f73e14eac13176a114bc4d) Importer(815301076,1909f56bfc062723c751e8b465ee728b) (PreviewImporter) -> (artifact id: 'ead9e753c760b2136fd0ff1cf377a03a') in 0.0014687 seconds
Number of updated asset objects reloaded before import = 0Number of asset objects unloaded after import = 0

========================================================================
Received Import Request.
  Time since last request: 0.000039 seconds.
  path: Assets/F1Car/Sprite/roca.png
  artifactKey: Guid(fc2cb98fa15efee44b69f6e8330bed9f) Importer(815301076,1909f56bfc062723c751e8b465ee728b)
Start importing Assets/F1Car/Sprite/roca.png using Guid(fc2cb98fa15efee44b69f6e8330bed9f) Importer(815301076,1909f56bfc062723c751e8b465ee728b) (PreviewImporter) -> (artifact id: 'fbdfc5fa1857b35405e9a0ea8e88aa42') in 0.0674186 seconds
Number of updated asset objects reloaded before import = 0Number of asset objects unloaded after import = 7

========================================================================
Received Import Request.
  Time since last request: 0.000019 seconds.
  path: Assets/F1Car/Sprite/Tribuna.jpg
  artifactKey: Guid(18372e24b4791394eae20ef21d1332ad) Importer(815301076,1909f56bfc062723c751e8b465ee728b)
Start importing Assets/F1Car/Sprite/Tribuna.jpg using Guid(18372e24b4791394eae20ef21d1332ad) Importer(815301076,1909f56bfc062723c751e8b465ee728b) (PreviewImporter) -> (artifact id: '55297f1d204cafd8508be92dfe952b75') in 0.0386786 seconds
Number of updated asset objects reloaded before import = 0Number of asset objects unloaded after import = 3

========================================================================
Received Import Request.
  Time since last request: 0.000022 seconds.
  path: Assets/F1Car/Sprite/Cesped.jpg
  artifactKey: Guid(6ae946c24e5586d42820b0003a7ee995) Importer(815301076,1909f56bfc062723c751e8b465ee728b)
Start importing Assets/F1Car/Sprite/Cesped.jpg using Guid(6ae946c24e5586d42820b0003a7ee995) Importer(815301076,1909f56bfc062723c751e8b465ee728b) (PreviewImporter) -> (artifact id: '55f24bc8d8893ed4eead442352871b0a') in 0.0464725 seconds
Number of updated asset objects reloaded before import = 0Number of asset objects unloaded after import = 3

========================================================================
Received Import Request.
  Time since last request: 0.000023 seconds.
  path: Assets/F1Car/Sprite/gradas.jpg
  artifactKey: Guid(af6e664f18750db43849f1ffabe3b783) Importer(815301076,1909f56bfc062723c751e8b465ee728b)
Start importing Assets/F1Car/Sprite/gradas.jpg using Guid(af6e664f18750db43849f1ffabe3b783) Importer(815301076,1909f56bfc062723c751e8b465ee728b) (PreviewImporter) -> (artifact id: 'd9eb2a8c242df2e68915519f9f9bb4c6') in 0.0370898 seconds
Number of updated asset objects reloaded before import = 0Number of asset objects unloaded after import = 3

========================================================================
Received Import Request.
  Time since last request: 0.000022 seconds.
  path: Assets/F1Car/Sprite/Road3.png
  artifactKey: Guid(e669b82b16686b948a20c719b7c037f0) Importer(815301076,1909f56bfc062723c751e8b465ee728b)
Start importing Assets/F1Car/Sprite/Road3.png using Guid(e669b82b16686b948a20c719b7c037f0) Importer(815301076,1909f56bfc062723c751e8b465ee728b) (PreviewImporter) -> (artifact id: 'afc2998f1571b8870fb01d95b71d43a1') in 0.0355166 seconds
Number of updated asset objects reloaded before import = 0Number of asset objects unloaded after import = 3

========================================================================
Received Import Request.
  Time since last request: 0.000528 seconds.
  path: Assets/F1Car/Sprite/general.jpg
  artifactKey: Guid(4e341ea7c8348ec40b1f7b5dbf7a98c6) Importer(815301076,1909f56bfc062723c751e8b465ee728b)
Start importing Assets/F1Car/Sprite/general.jpg using Guid(4e341ea7c8348ec40b1f7b5dbf7a98c6) Importer(815301076,1909f56bfc062723c751e8b465ee728b) (PreviewImporter) -> (artifact id: '450395bbb9824f88f4e321fdadf7316e') in 0.0352577 seconds
Number of updated asset objects reloaded before import = 0Number of asset objects unloaded after import = 3

========================================================================
Received Import Request.
  Time since last request: 4.709392 seconds.
  path: Assets/Scenes/SampleScene.unity
  artifactKey: Guid(8c9cfa26abfee488c85f1582747f6a02) Importer(815301076,1909f56bfc062723c751e8b465ee728b)
Start importing Assets/Scenes/SampleScene.unity using Guid(8c9cfa26abfee488c85f1582747f6a02) Importer(815301076,1909f56bfc062723c751e8b465ee728b) (PreviewImporter) -> (artifact id: '4356a4e0efafe2da4e825d4a5b22b180') in 0.0015478 seconds
Number of updated asset objects reloaded before import = 0Number of asset objects unloaded after import = 0

========================================================================
Received Import Request.
  Time since last request: 5.107010 seconds.
  path: Assets/SpriteCar/GameObject/FristScane.unity
  artifactKey: Guid(50a3b2cf1edc3ab4cbf40037d3280eeb) Importer(815301076,1909f56bfc062723c751e8b465ee728b)
Start importing Assets/SpriteCar/GameObject/FristScane.unity using Guid(50a3b2cf1edc3ab4cbf40037d3280eeb) Importer(815301076,1909f56bfc062723c751e8b465ee728b) (PreviewImporter) -> (artifact id: '750ab7cc055d5355063dfabd45f7212c') in 0.0091081 seconds
Number of updated asset objects reloaded before import = 0Number of asset objects unloaded after import = 0

