Using pre-set license
Built from '6000.0/release' branch; Version is '6000.0.25f1 (4859ab7b5a49) revision 4741547'; Using compiler version '193933523'; Build Type 'Release'
OS: 'Windows 10  (10.0.19045) 64bit Professional' Language: 'es' Physical Memory: 8056 MB
BatchMode: 1, IsHumanControllingUs: 0, StartBugReporterOnCrash: 0, Is64bit: 1, IsPro: 1

COMMAND LINE ARGUMENTS:
C:\Program Files\Unity\Hub\Editor\6000.0.25f1\Editor\Unity.exe
-adb2
-batchMode
-noUpm
-name
AssetImportWorker0
-projectPath
C:/Users/VECI/Documents/2024B/JUEGOS INTERACTIVOS/juegos-sw-gr1-panchi-viteri-steeven-gabriel/02-Examenes/Examen-IB/Examen 1B
-logFile
Logs/AssetImportWorker0.log
-srvPort
55803
-job-worker-count
1
-background-job-worker-count
8
-asset-garbage-collectors
1
Successfully changed project path to: C:/Users/VECI/Documents/2024B/JUEGOS INTERACTIVOS/juegos-sw-gr1-panchi-viteri-steeven-gabriel/02-Examenes/Examen-IB/Examen 1B
C:/Users/VECI/Documents/2024B/JUEGOS INTERACTIVOS/juegos-sw-gr1-panchi-viteri-steeven-gabriel/02-Examenes/Examen-IB/Examen 1B
[UnityMemory] Configuration Parameters - Can be set up in boot.config
    "memorysetup-bucket-allocator-granularity=16"
    "memorysetup-bucket-allocator-bucket-count=8"
    "memorysetup-bucket-allocator-block-size=33554432"
    "memorysetup-bucket-allocator-block-count=8"
    "memorysetup-main-allocator-block-size=16777216"
    "memorysetup-thread-allocator-block-size=16777216"
    "memorysetup-gfx-main-allocator-block-size=16777216"
    "memorysetup-gfx-thread-allocator-block-size=16777216"
    "memorysetup-cache-allocator-block-size=4194304"
    "memorysetup-typetree-allocator-block-size=2097152"
    "memorysetup-profiler-bucket-allocator-granularity=16"
    "memorysetup-profiler-bucket-allocator-bucket-count=8"
    "memorysetup-profiler-bucket-allocator-block-size=33554432"
    "memorysetup-profiler-bucket-allocator-block-count=8"
    "memorysetup-profiler-allocator-block-size=16777216"
    "memorysetup-profiler-editor-allocator-block-size=1048576"
    "memorysetup-temp-allocator-size-main=16777216"
    "memorysetup-job-temp-allocator-block-size=2097152"
    "memorysetup-job-temp-allocator-block-size-background=1048576"
    "memorysetup-job-temp-allocator-reduction-small-platforms=262144"
    "memorysetup-allocator-temp-initial-block-size-main=262144"
    "memorysetup-allocator-temp-initial-block-size-worker=262144"
    "memorysetup-temp-allocator-size-background-worker=32768"
    "memorysetup-temp-allocator-size-job-worker=262144"
    "memorysetup-temp-allocator-size-preload-manager=33554432"
    "memorysetup-temp-allocator-size-nav-mesh-worker=65536"
    "memorysetup-temp-allocator-size-audio-worker=65536"
    "memorysetup-temp-allocator-size-cloud-worker=32768"
    "memorysetup-temp-allocator-size-gi-baking-worker=262144"
    "memorysetup-temp-allocator-size-gi-baking-worker=262144"
    "memorysetup-temp-allocator-size-gi-baking-worker=262144"
    "memorysetup-temp-allocator-size-gi-baking-worker=262144"
    "memorysetup-temp-allocator-size-gi-baking-worker=262144"
    "memorysetup-temp-allocator-size-gfx=262144"
Player connection [17164]  Target information:

Player connection [17164]  * "[IP] 192.168.56.1 [Port] 0 [Flags] 2 [Guid] 3887920030 [EditorId] 3887920030 [Version] 1048832 [Id] WindowsEditor(7,DESKTOP-07F54JK) [Debug] 1 [PackageName] WindowsEditor [ProjectName] Editor" 

Player connection [17164]  * "[IP] 192.168.100.6 [Port] 0 [Flags] 2 [Guid] 3887920030 [EditorId] 3887920030 [Version] 1048832 [Id] WindowsEditor(7,DESKTOP-07F54JK) [Debug] 1 [PackageName] WindowsEditor [ProjectName] Editor" 

Player connection [17164] Host joined multi-casting on [225.0.0.222:54997]...
Player connection [17164] Host joined alternative multi-casting on [225.0.0.222:34997]...
JobSystem: Creating JobQueue using job-worker-count value 1
[Physics::Module] Initialized fallback backend.
[Physics::Module] Id: 0xdecafbad
Library Redirect Path: Library/
[Physics::Module] Selected backend.
[Physics::Module] Name: PhysX
[Physics::Module] Id: 0xf2b8ea05
[Physics::Module] SDK Version: 4.1.2
[Physics::Module] Integration Version: 1.0.0
[Physics::Module] Threading Mode: Multi-Threaded
Refreshing native plugins compatible for Editor in 301.51 ms, found 4 plugins.
Preloading 0 native plugins for Editor in 0.00 ms.
Initialize engine version: 6000.0.25f1 (4859ab7b5a49)
[Subsystems] Discovering subsystems at path C:/Program Files/Unity/Hub/Editor/6000.0.25f1/Editor/Data/Resources/UnitySubsystems
[Subsystems] Discovering subsystems at path C:/Users/VECI/Documents/2024B/JUEGOS INTERACTIVOS/juegos-sw-gr1-panchi-viteri-steeven-gabriel/02-Examenes/Examen-IB/Examen 1B/Assets
GfxDevice: creating device client; kGfxThreadingModeNonThreaded
Direct3D:
    Version:  Direct3D 11.0 [level 11.1]
    Renderer: Intel(R) UHD Graphics 620 (ID=0x5917)
    Vendor:   Intel
    VRAM:     4028 MB
    Driver:   27.20.100.9664
Initialize mono
Mono path[0] = 'C:/Program Files/Unity/Hub/Editor/6000.0.25f1/Editor/Data/Managed'
Mono path[1] = 'C:/Program Files/Unity/Hub/Editor/6000.0.25f1/Editor/Data/MonoBleedingEdge/lib/mono/unityjit-win32'
Mono config path = 'C:/Program Files/Unity/Hub/Editor/6000.0.25f1/Editor/Data/MonoBleedingEdge/etc'
Using monoOptions --debugger-agent=transport=dt_socket,embedding=1,server=y,suspend=n,address=127.0.0.1:56556
Begin MonoManager ReloadAssembly
Registering precompiled unity dll's ...
Register platform support module: C:/Program Files/Unity/Hub/Editor/6000.0.25f1/Editor/Data/PlaybackEngines/WebGLSupport/UnityEditor.WebGL.Extensions.dll
Register platform support module: C:/Program Files/Unity/Hub/Editor/6000.0.25f1/Editor/Data/PlaybackEngines/WindowsStandaloneSupport/UnityEditor.WindowsStandalone.Extensions.dll
Registered in 0.149300 seconds.
- Loaded All Assemblies, in  2.215 seconds
Native extension for WindowsStandalone target not found
Native extension for WebGL target not found
Mono: successfully reloaded assembly
- Finished resetting the current domain, in  2.028 seconds
Domain Reload Profiling: 4229ms
	BeginReloadAssembly (445ms)
		ExecutionOrderSort (0ms)
		DisableScriptedObjects (0ms)
		BackupInstance (0ms)
		ReleaseScriptingObjects (0ms)
		CreateAndSetChildDomain (2ms)
	RebuildCommonClasses (209ms)
	RebuildNativeTypeToScriptingClass (207ms)
	initialDomainReloadingComplete (348ms)
	LoadAllAssembliesAndSetupDomain (990ms)
		LoadAssemblies (442ms)
		RebuildTransferFunctionScriptingTraits (0ms)
		AnalyzeDomain (966ms)
			TypeCache.Refresh (961ms)
				TypeCache.ScanAssembly (837ms)
			BuildScriptInfoCaches (1ms)
			ResolveRequiredComponents (2ms)
	FinalizeReload (2029ms)
		ReleaseScriptCaches (0ms)
		RebuildScriptCaches (0ms)
		SetupLoadedEditorAssemblies (1884ms)
			LogAssemblyErrors (0ms)
			InitializePlatformSupportModulesInManaged (56ms)
			SetLoadedEditorAssemblies (8ms)
			BeforeProcessingInitializeOnLoad (12ms)
			ProcessInitializeOnLoadAttributes (902ms)
			ProcessInitializeOnLoadMethodAttributes (224ms)
			AfterProcessingInitializeOnLoad (681ms)
			EditorAssembliesLoaded (0ms)
		ExecutionOrderSort2 (0ms)
		AwakeInstancesAfterBackupRestoration (0ms)
========================================================================
Worker process is ready to serve import requests
Import Worker Mode flag is 0x00
Begin MonoManager ReloadAssembly
DirectoryNotFoundException: Could not find a part of the path "C:\Users\VECI\Documents\2024B\JUEGOS INTERACTIVOS\juegos-sw-gr1-panchi-viteri-steeven-gabriel\02-Examenes\Examen-IB\Examen 1B\Library\PackageCache\com.unity.visualscripting\Editor\VisualScripting.Core\Dependencies\YamlDotNet\Unity.VisualScripting.YamlDotNet.dll"
  at System.IO.FileStream..ctor (System.String path, System.IO.FileMode mode, System.IO.FileAccess access, System.IO.FileShare share, System.Int32 bufferSize, System.Boolean anonymous, System.IO.FileOptions options) [0x0019e] in <321eb2db7c6d43ea8fc39b54eaca3452>:0 
  at System.IO.FileStream..ctor (System.String path, System.IO.FileMode mode, System.IO.FileAccess access, System.IO.FileShare share) [0x00000] in <321eb2db7c6d43ea8fc39b54eaca3452>:0 
  at (wrapper remoting-invoke-with-check) System.IO.FileStream..ctor(string,System.IO.FileMode,System.IO.FileAccess,System.IO.FileShare)
  at Mono.Cecil.ModuleDefinition.GetFileStream (System.String fileName, System.IO.FileMode mode, System.IO.FileAccess access, System.IO.FileShare share) [0x00006] in <a6860a9f6366437387ebdc1f225b7fd4>:0 
  at Mono.Cecil.ModuleDefinition.ReadModule (System.String fileName, Mono.Cecil.ReaderParameters parameters) [0x00008] in <a6860a9f6366437387ebdc1f225b7fd4>:0 
  at Mono.Cecil.AssemblyDefinition.ReadAssembly (System.String fileName, Mono.Cecil.ReaderParameters parameters) [0x00000] in <a6860a9f6366437387ebdc1f225b7fd4>:0 
  at UnityEditor.AssemblyValidation.LoadAssemblyDefinitions (System.String[] assemblyPaths, System.String[] searchPaths) [0x00048] in <9e3a60dbcacc4e77a9c6e1c14064183a>:0 
  at UnityEditor.AssemblyValidation.ValidateAssemblies (System.String[] assemblyPaths, System.Boolean enableLogging) [0x00007] in <9e3a60dbcacc4e77a9c6e1c14064183a>:0 

- Loaded All Assemblies, in  7.371 seconds
Refreshing native plugins compatible for Editor in 5.47 ms, found 4 plugins.
Native extension for WindowsStandalone target not found
Native extension for WebGL target not found
Mono: successfully reloaded assembly
- Finished resetting the current domain, in  4.885 seconds
Domain Reload Profiling: 12249ms
	BeginReloadAssembly (6256ms)
		ExecutionOrderSort (0ms)
		DisableScriptedObjects (30ms)
		BackupInstance (0ms)
		ReleaseScriptingObjects (0ms)
		CreateAndSetChildDomain (79ms)
	RebuildCommonClasses (93ms)
	RebuildNativeTypeToScriptingClass (25ms)
	initialDomainReloadingComplete (85ms)
	LoadAllAssembliesAndSetupDomain (904ms)
		LoadAssemblies (621ms)
		RebuildTransferFunctionScriptingTraits (0ms)
		AnalyzeDomain (564ms)
			TypeCache.Refresh (364ms)
				TypeCache.ScanAssembly (329ms)
			BuildScriptInfoCaches (174ms)
			ResolveRequiredComponents (16ms)
	FinalizeReload (4886ms)
		ReleaseScriptCaches (0ms)
		RebuildScriptCaches (0ms)
		SetupLoadedEditorAssemblies (3270ms)
			LogAssemblyErrors (0ms)
			InitializePlatformSupportModulesInManaged (7ms)
			SetLoadedEditorAssemblies (10ms)
			BeforeProcessingInitializeOnLoad (176ms)
			ProcessInitializeOnLoadAttributes (2598ms)
			ProcessInitializeOnLoadMethodAttributes (362ms)
			AfterProcessingInitializeOnLoad (86ms)
			EditorAssembliesLoaded (31ms)
		ExecutionOrderSort2 (0ms)
		AwakeInstancesAfterBackupRestoration (153ms)
Launched and connected shader compiler UnityShaderCompiler.exe after 0.07 seconds
Refreshing native plugins compatible for Editor in 4.26 ms, found 4 plugins.
Preloading 0 native plugins for Editor in 0.00 ms.
Unloading 14 Unused Serialized files (Serialized files now loaded: 0)
Unloading 4226 unused Assets / (1.4 MB). Loaded Objects now: 4815.
Memory consumption went from 111.2 MB to 109.8 MB.
Total: 14.475200 ms (FindLiveObjects: 0.942200 ms CreateObjectMapping: 1.110100 ms MarkObjects: 8.607300 ms  DeleteObjects: 3.810900 ms)

========================================================================
Received Import Request.
  Time since last request: 90163.293057 seconds.
  path: Assets/UniversalRenderPipelineGlobalSettings.asset
  artifactKey: Guid(93b439a37f63240aca3dd4e01d978a9f) Importer(815301076,1909f56bfc062723c751e8b465ee728b)
Start importing Assets/UniversalRenderPipelineGlobalSettings.asset using Guid(93b439a37f63240aca3dd4e01d978a9f) Importer(815301076,1909f56bfc062723c751e8b465ee728b) (PreviewImporter) -> (artifact id: 'a8d7bffa3061755c63ab08e525579c7e') in 0.0225543 seconds
Number of updated asset objects reloaded before import = 0Number of asset objects unloaded after import = 1

========================================================================
Received Import Request.
  Time since last request: 0.000026 seconds.
  path: Assets/DefaultVolumeProfile.asset
  artifactKey: Guid(3f9215ea0144899419cfbc0957140d3f) Importer(815301076,1909f56bfc062723c751e8b465ee728b)
Start importing Assets/DefaultVolumeProfile.asset using Guid(3f9215ea0144899419cfbc0957140d3f) Importer(815301076,1909f56bfc062723c751e8b465ee728b) (PreviewImporter) -> (artifact id: 'a7b22c1619c1184d9376135e901cb361') in 0.0031347 seconds
Number of updated asset objects reloaded before import = 0Number of asset objects unloaded after import = 1

========================================================================
Received Import Request.
  Time since last request: 2.588639 seconds.
  path: Assets/Scenes/edf2.png
  artifactKey: Guid(ea6204e02723c8d49a339aceb4c8b73d) Importer(815301076,1909f56bfc062723c751e8b465ee728b)
Start importing Assets/Scenes/edf2.png using Guid(ea6204e02723c8d49a339aceb4c8b73d) Importer(815301076,1909f56bfc062723c751e8b465ee728b) (PreviewImporter) -> (artifact id: '7d2a3a082d5aaf3221865f116cb4542e') in 0.2049655 seconds
Number of updated asset objects reloaded before import = 0Number of asset objects unloaded after import = 3

========================================================================
Received Import Request.
  Time since last request: 217.863773 seconds.
  path: Assets/Settings/Lit2DSceneTemplate.scenetemplate
  artifactKey: Guid(d03ed43fc9d8a4f2e9fa70c1c7916eb9) Importer(815301076,1909f56bfc062723c751e8b465ee728b)
Start importing Assets/Settings/Lit2DSceneTemplate.scenetemplate using Guid(d03ed43fc9d8a4f2e9fa70c1c7916eb9) Importer(815301076,1909f56bfc062723c751e8b465ee728b) (PreviewImporter) -> (artifact id: 'a62509b859af92b55a6181035543e5cc') in 0.1976883 seconds
Number of updated asset objects reloaded before import = 0Number of asset objects unloaded after import = 4

========================================================================
Received Import Request.
  Time since last request: 0.000036 seconds.
  path: Assets/Settings/UniversalRP.asset
  artifactKey: Guid(681886c5eb7344803b6206f758bf0b1c) Importer(815301076,1909f56bfc062723c751e8b465ee728b)
Start importing Assets/Settings/UniversalRP.asset using Guid(681886c5eb7344803b6206f758bf0b1c) Importer(815301076,1909f56bfc062723c751e8b465ee728b) (PreviewImporter) -> (artifact id: '2e58cb1f318d1f4d7d3e4f902e19ed0d') in 0.0070834 seconds
Number of updated asset objects reloaded before import = 0Number of asset objects unloaded after import = 1

========================================================================
Received Import Request.
  Time since last request: 0.000343 seconds.
  path: Assets/Settings/Renderer2D.asset
  artifactKey: Guid(424799608f7334c24bf367e4bbfa7f9a) Importer(815301076,1909f56bfc062723c751e8b465ee728b)
Start importing Assets/Settings/Renderer2D.asset using Guid(424799608f7334c24bf367e4bbfa7f9a) Importer(815301076,1909f56bfc062723c751e8b465ee728b) (PreviewImporter) -> (artifact id: '677eb6173d288224be09e9ffd75cd7cb') in 0.0222811 seconds
Number of updated asset objects reloaded before import = 0Number of asset objects unloaded after import = 1

========================================================================
Received Import Request.
  Time since last request: 1.506421 seconds.
  path: Assets/Settings/Scenes
  artifactKey: Guid(d574b2fb4661c408f80aa76c0182931f) Importer(815301076,1909f56bfc062723c751e8b465ee728b)
Start importing Assets/Settings/Scenes using Guid(d574b2fb4661c408f80aa76c0182931f) Importer(815301076,1909f56bfc062723c751e8b465ee728b) (PreviewImporter) -> (artifact id: '208d33276ab89d9e90bec41530e68a58') in 0.0012819 seconds
Number of updated asset objects reloaded before import = 0Number of asset objects unloaded after import = 0

========================================================================
Received Import Request.
  Time since last request: 1.470489 seconds.
  path: Assets/Settings/Scenes/URP2DSceneTemplate.unity
  artifactKey: Guid(2cda990e2423bbf4892e6590ba056729) Importer(815301076,1909f56bfc062723c751e8b465ee728b)
Start importing Assets/Settings/Scenes/URP2DSceneTemplate.unity using Guid(2cda990e2423bbf4892e6590ba056729) Importer(815301076,1909f56bfc062723c751e8b465ee728b) (PreviewImporter) -> (artifact id: '10d8b858ca32f41967764b2ffe6cb1fa') in 0.0006574 seconds
Number of updated asset objects reloaded before import = 0Number of asset objects unloaded after import = 0

========================================================================
Received Import Request.
  Time since last request: 2.661045 seconds.
  path: Packages/com.unity.2d.psdimporter/Editor/Assets/root-blue.mat
  artifactKey: Guid(28638862ea1084726a3511cd325fc53d) Importer(815301076,1909f56bfc062723c751e8b465ee728b)
Start importing Packages/com.unity.2d.psdimporter/Editor/Assets/root-blue.mat using Guid(28638862ea1084726a3511cd325fc53d) Importer(815301076,1909f56bfc062723c751e8b465ee728b) (PreviewImporter) -> (artifact id: '947ea67cb5b231f01e34a149974b18d1') in 0.345634 seconds
Number of updated asset objects reloaded before import = 0Number of asset objects unloaded after import = 1

========================================================================
Received Import Request.
  Time since last request: 0.000036 seconds.
  path: Packages/com.unity.2d.psdimporter/Editor/Assets/root-green.mat
  artifactKey: Guid(bc6da4580f5514e458fe5def87e138be) Importer(815301076,1909f56bfc062723c751e8b465ee728b)
Start importing Packages/com.unity.2d.psdimporter/Editor/Assets/root-green.mat using Guid(bc6da4580f5514e458fe5def87e138be) Importer(815301076,1909f56bfc062723c751e8b465ee728b) (PreviewImporter) -> (artifact id: '40f6c153832967c0a63adffa3b96f078') in 0.0249718 seconds
Number of updated asset objects reloaded before import = 0Number of asset objects unloaded after import = 1

========================================================================
Received Import Request.
  Time since last request: 0.000075 seconds.
  path: Packages/com.unity.2d.psdimporter/Editor/Assets/root-red.mat
  artifactKey: Guid(4459fff084dd84526ab8fd5082d2eacb) Importer(815301076,1909f56bfc062723c751e8b465ee728b)
Start importing Packages/com.unity.2d.psdimporter/Editor/Assets/root-red.mat using Guid(4459fff084dd84526ab8fd5082d2eacb) Importer(815301076,1909f56bfc062723c751e8b465ee728b) (PreviewImporter) -> (artifact id: '445fb04e77ebfebc691221e12e4f0113') in 0.026141 seconds
Number of updated asset objects reloaded before import = 0Number of asset objects unloaded after import = 1

========================================================================
Received Import Request.
  Time since last request: 0.495478 seconds.
  path: Packages/com.unity.2d.psdimporter/Editor/Assets/pivot.fbx
  artifactKey: Guid(1c7762c9bce5f4ab7b060decb9e3002d) Importer(815301076,1909f56bfc062723c751e8b465ee728b)
Start importing Packages/com.unity.2d.psdimporter/Editor/Assets/pivot.fbx using Guid(1c7762c9bce5f4ab7b060decb9e3002d) Importer(815301076,1909f56bfc062723c751e8b465ee728b) (PreviewImporter) -> (artifact id: 'cbca6381d2564ece96336c2e645cc281') in 1.194768 seconds
Number of updated asset objects reloaded before import = 0Number of asset objects unloaded after import = 10

========================================================================
Received Import Request.
  Time since last request: 1.635246 seconds.
  path: Packages/com.unity.2d.spriteshape/Editor/ObjectMenuCreation/DefaultAssets/Sprite Shapes/Closed Sprite Shape.prefab
  artifactKey: Guid(c0583b4e855c74b8c82e7b9b5efb5ce9) Importer(815301076,1909f56bfc062723c751e8b465ee728b)
Start importing Packages/com.unity.2d.spriteshape/Editor/ObjectMenuCreation/DefaultAssets/Sprite Shapes/Closed Sprite Shape.prefab using Guid(c0583b4e855c74b8c82e7b9b5efb5ce9) Importer(815301076,1909f56bfc062723c751e8b465ee728b) (PreviewImporter) -> (artifact id: 'dad4373c5b2ca03e3920d402eaf3dbc8') in 0.0612713 seconds
Number of updated asset objects reloaded before import = 0Number of asset objects unloaded after import = 14

========================================================================
Received Import Request.
  Time since last request: 0.000071 seconds.
  path: Packages/com.unity.2d.spriteshape/Editor/ObjectMenuCreation/DefaultAssets/Sprite Shapes/Open Sprite Shape.prefab
  artifactKey: Guid(86ae7de409eb54f619fb1328e4d42480) Importer(815301076,1909f56bfc062723c751e8b465ee728b)
Start importing Packages/com.unity.2d.spriteshape/Editor/ObjectMenuCreation/DefaultAssets/Sprite Shapes/Open Sprite Shape.prefab using Guid(86ae7de409eb54f619fb1328e4d42480) Importer(815301076,1909f56bfc062723c751e8b465ee728b) (PreviewImporter) -> (artifact id: '9d5cbf15155a58da1b504c572c3328ca') in 0.0486925 seconds
Number of updated asset objects reloaded before import = 0Number of asset objects unloaded after import = 14

========================================================================
Received Prepare
Begin MonoManager ReloadAssembly
- Loaded All Assemblies, in  0.835 seconds
Refreshing native plugins compatible for Editor in 1.74 ms, found 0 plugins.
Native extension for WindowsStandalone target not found
Native extension for WebGL target not found
Mono: successfully reloaded assembly
- Finished resetting the current domain, in  1.129 seconds
Domain Reload Profiling: 1962ms
	BeginReloadAssembly (535ms)
		ExecutionOrderSort (0ms)
		DisableScriptedObjects (31ms)
		BackupInstance (0ms)
		ReleaseScriptingObjects (0ms)
		CreateAndSetChildDomain (67ms)
	RebuildCommonClasses (61ms)
	RebuildNativeTypeToScriptingClass (23ms)
	initialDomainReloadingComplete (36ms)
	LoadAllAssembliesAndSetupDomain (177ms)
		LoadAssemblies (535ms)
		RebuildTransferFunctionScriptingTraits (0ms)
		AnalyzeDomain (26ms)
			TypeCache.Refresh (14ms)
				TypeCache.ScanAssembly (3ms)
			BuildScriptInfoCaches (9ms)
			ResolveRequiredComponents (1ms)
	FinalizeReload (1130ms)
		ReleaseScriptCaches (0ms)
		RebuildScriptCaches (0ms)
		SetupLoadedEditorAssemblies (672ms)
			LogAssemblyErrors (0ms)
			InitializePlatformSupportModulesInManaged (4ms)
			SetLoadedEditorAssemblies (4ms)
			BeforeProcessingInitializeOnLoad (272ms)
			ProcessInitializeOnLoadAttributes (350ms)
			ProcessInitializeOnLoadMethodAttributes (28ms)
			AfterProcessingInitializeOnLoad (13ms)
			EditorAssembliesLoaded (0ms)
		ExecutionOrderSort2 (0ms)
		AwakeInstancesAfterBackupRestoration (10ms)
Refreshing native plugins compatible for Editor in 0.86 ms, found 0 plugins.
Preloading 0 native plugins for Editor in 0.00 ms.
Unloading 0 Unused Serialized files (Serialized files now loaded: 0)
Unloading 62 unused Assets / (1.0 KB). Loaded Objects now: 734.
Memory consumption went from 89.7 MB to 89.7 MB.
Total: 12.659600 ms (FindLiveObjects: 0.126400 ms CreateObjectMapping: 0.018500 ms MarkObjects: 12.422500 ms  DeleteObjects: 0.088300 ms)

Prepare: number of updated asset objects reloaded= 7
========================================================================
Received Import Request.
  Time since last request: 393.424312 seconds.
  path: Assets/F1Car/Sprite
  artifactKey: Guid(9238b577f7f73e14eac13176a114bc4d) Importer(815301076,1909f56bfc062723c751e8b465ee728b)
Start importing Assets/F1Car/Sprite using Guid(9238b577f7f73e14eac13176a114bc4d) Importer(815301076,1909f56bfc062723c751e8b465ee728b) (PreviewImporter) -> (artifact id: 'ead9e753c760b2136fd0ff1cf377a03a') in 0.0037039 seconds
Number of updated asset objects reloaded before import = 0Number of asset objects unloaded after import = 0

========================================================================
Received Import Request.
  Time since last request: 0.056009 seconds.
  path: Assets/F1Car/Sprite/Arrow_left.png
  artifactKey: Guid(5c5324264b1e28444ad85ccab32cd89b) Importer(815301076,1909f56bfc062723c751e8b465ee728b)
Start importing Assets/F1Car/Sprite/Arrow_left.png using Guid(5c5324264b1e28444ad85ccab32cd89b) Importer(815301076,1909f56bfc062723c751e8b465ee728b) (PreviewImporter) -> (artifact id: '5d17170ac6fd0f62c6f8152cc511cb33') in 0.3795175 seconds
Number of updated asset objects reloaded before import = 0Number of asset objects unloaded after import = 3

========================================================================
Received Import Request.
  Time since last request: 0.000027 seconds.
  path: Assets/F1Car/Sprite/Icon_F1_car05.png
  artifactKey: Guid(256a01fb865a8cc4283915818e0eef0f) Importer(815301076,1909f56bfc062723c751e8b465ee728b)
Start importing Assets/F1Car/Sprite/Icon_F1_car05.png using Guid(256a01fb865a8cc4283915818e0eef0f) Importer(815301076,1909f56bfc062723c751e8b465ee728b) (PreviewImporter) -> (artifact id: '759651130cdd96896b9d7409f34ca1a1') in 0.0358413 seconds
Number of updated asset objects reloaded before import = 0Number of asset objects unloaded after import = 3

========================================================================
Received Import Request.
  Time since last request: 0.000030 seconds.
  path: Assets/F1Car/Sprite/F1_car07.png
  artifactKey: Guid(e888b54df6aac0941a6212075a3b0bbe) Importer(815301076,1909f56bfc062723c751e8b465ee728b)
Start importing Assets/F1Car/Sprite/F1_car07.png using Guid(e888b54df6aac0941a6212075a3b0bbe) Importer(815301076,1909f56bfc062723c751e8b465ee728b) (PreviewImporter) -> (artifact id: '5911e5a037f7eea617935bf675ba67d5') in 0.0364684 seconds
Number of updated asset objects reloaded before import = 0Number of asset objects unloaded after import = 3

========================================================================
Received Import Request.
  Time since last request: 0.000089 seconds.
  path: Assets/F1Car/Sprite/Road4.png
  artifactKey: Guid(1843fbfbc4a7df540bc3a6ff21ca5419) Importer(815301076,1909f56bfc062723c751e8b465ee728b)
Start importing Assets/F1Car/Sprite/Road4.png using Guid(1843fbfbc4a7df540bc3a6ff21ca5419) Importer(815301076,1909f56bfc062723c751e8b465ee728b) (PreviewImporter) -> (artifact id: '0d325d1341ba87995583baea66c4d012') in 0.0779846 seconds
Number of updated asset objects reloaded before import = 0Number of asset objects unloaded after import = 3

========================================================================
Received Import Request.
  Time since last request: 0.000019 seconds.
  path: Assets/F1Car/Sprite/F1_car02.png
  artifactKey: Guid(98b542c8db8fb324da4172123d5a11dd) Importer(815301076,1909f56bfc062723c751e8b465ee728b)
Start importing Assets/F1Car/Sprite/F1_car02.png using Guid(98b542c8db8fb324da4172123d5a11dd) Importer(815301076,1909f56bfc062723c751e8b465ee728b) (PreviewImporter) -> (artifact id: 'd596bef5a1751aec8c72925cf52ef1dd') in 0.0293334 seconds
Number of updated asset objects reloaded before import = 0Number of asset objects unloaded after import = 3

========================================================================
Received Import Request.
  Time since last request: 0.000020 seconds.
  path: Assets/F1Car/Sprite/Icon_F1_car08.png
  artifactKey: Guid(9016944fdd10fd6408951f88a5ebbdf4) Importer(815301076,1909f56bfc062723c751e8b465ee728b)
Start importing Assets/F1Car/Sprite/Icon_F1_car08.png using Guid(9016944fdd10fd6408951f88a5ebbdf4) Importer(815301076,1909f56bfc062723c751e8b465ee728b) (PreviewImporter) -> (artifact id: 'f4a9b242d8dac0554dde9df860af9f8e') in 0.0270427 seconds
Number of updated asset objects reloaded before import = 0Number of asset objects unloaded after import = 3

========================================================================
Received Import Request.
  Time since last request: 0.000028 seconds.
  path: Assets/F1Car/Sprite/Obj_Bush.png
  artifactKey: Guid(b41886178a0601849a7c9572ec4df5f4) Importer(815301076,1909f56bfc062723c751e8b465ee728b)
Start importing Assets/F1Car/Sprite/Obj_Bush.png using Guid(b41886178a0601849a7c9572ec4df5f4) Importer(815301076,1909f56bfc062723c751e8b465ee728b) (PreviewImporter) -> (artifact id: '4115dd9dac4664554cabf3ced6b53364') in 0.0260578 seconds
Number of updated asset objects reloaded before import = 0Number of asset objects unloaded after import = 3

========================================================================
Received Import Request.
  Time since last request: 0.000107 seconds.
  path: Assets/F1Car/Sprite/Icon_F1_car02.png
  artifactKey: Guid(68fee1354b8db774f842c51c74aea2d5) Importer(815301076,1909f56bfc062723c751e8b465ee728b)
Start importing Assets/F1Car/Sprite/Icon_F1_car02.png using Guid(68fee1354b8db774f842c51c74aea2d5) Importer(815301076,1909f56bfc062723c751e8b465ee728b) (PreviewImporter) -> (artifact id: '2124ebbe336e99ba4a2f31f92b5dffa9') in 0.0316641 seconds
Number of updated asset objects reloaded before import = 0Number of asset objects unloaded after import = 3

========================================================================
Received Import Request.
  Time since last request: 0.000023 seconds.
  path: Assets/F1Car/Sprite/F1_car05.png
  artifactKey: Guid(ef21e63d9b77b9a429a80ff367731d1f) Importer(815301076,1909f56bfc062723c751e8b465ee728b)
Start importing Assets/F1Car/Sprite/F1_car05.png using Guid(ef21e63d9b77b9a429a80ff367731d1f) Importer(815301076,1909f56bfc062723c751e8b465ee728b) (PreviewImporter) -> (artifact id: '8a4060caef2b09cbdc8beba466cdd0df') in 0.0329695 seconds
Number of updated asset objects reloaded before import = 0Number of asset objects unloaded after import = 3

========================================================================
Received Import Request.
  Time since last request: 0.000064 seconds.
  path: Assets/F1Car/Sprite/Obj2.png
  artifactKey: Guid(d77eb5d41bdba5c47a307415c879dd72) Importer(815301076,1909f56bfc062723c751e8b465ee728b)
Start importing Assets/F1Car/Sprite/Obj2.png using Guid(d77eb5d41bdba5c47a307415c879dd72) Importer(815301076,1909f56bfc062723c751e8b465ee728b) (PreviewImporter) -> (artifact id: '7919b4ac6a75031b6ada4e246c5044ce') in 0.0279013 seconds
Number of updated asset objects reloaded before import = 0Number of asset objects unloaded after import = 3

========================================================================
Received Import Request.
  Time since last request: 0.000019 seconds.
  path: Assets/F1Car/Sprite/Road2.png
  artifactKey: Guid(6176a52d3d556ee438a5f3ff7e248fcf) Importer(815301076,1909f56bfc062723c751e8b465ee728b)
Start importing Assets/F1Car/Sprite/Road2.png using Guid(6176a52d3d556ee438a5f3ff7e248fcf) Importer(815301076,1909f56bfc062723c751e8b465ee728b) (PreviewImporter) -> (artifact id: '167a53aa266e37f44fa2ccc9bb71256f') in 0.0528838 seconds
Number of updated asset objects reloaded before import = 0Number of asset objects unloaded after import = 3

========================================================================
Received Import Request.
  Time since last request: 0.000023 seconds.
  path: Assets/F1Car/Sprite/Arrow_Right.png
  artifactKey: Guid(40ffdbc17dd294d4988a497c45738408) Importer(815301076,1909f56bfc062723c751e8b465ee728b)
Start importing Assets/F1Car/Sprite/Arrow_Right.png using Guid(40ffdbc17dd294d4988a497c45738408) Importer(815301076,1909f56bfc062723c751e8b465ee728b) (PreviewImporter) -> (artifact id: '448df6b416091efc0e56cbc9a87f80b1') in 0.0403773 seconds
Number of updated asset objects reloaded before import = 0Number of asset objects unloaded after import = 3

========================================================================
Received Import Request.
  Time since last request: 0.000218 seconds.
  path: Assets/F1Car/Sprite/F1_car08.png
  artifactKey: Guid(b5b12994be0d55944aaa25c453d10caa) Importer(815301076,1909f56bfc062723c751e8b465ee728b)
Start importing Assets/F1Car/Sprite/F1_car08.png using Guid(b5b12994be0d55944aaa25c453d10caa) Importer(815301076,1909f56bfc062723c751e8b465ee728b) (PreviewImporter) -> (artifact id: 'f88369ebc4260a2a74b273247e650dec') in 0.0817935 seconds
Number of updated asset objects reloaded before import = 0Number of asset objects unloaded after import = 3

========================================================================
Received Import Request.
  Time since last request: 0.000027 seconds.
  path: Assets/F1Car/Sprite/screenshot.png
  artifactKey: Guid(384a8bd24342b51489841ef50f312a9a) Importer(815301076,1909f56bfc062723c751e8b465ee728b)
Start importing Assets/F1Car/Sprite/screenshot.png using Guid(384a8bd24342b51489841ef50f312a9a) Importer(815301076,1909f56bfc062723c751e8b465ee728b) (PreviewImporter) -> (artifact id: '55ec979354d1ec626c79eea1fb2f753a') in 0.0882576 seconds
Number of updated asset objects reloaded before import = 0Number of asset objects unloaded after import = 3

========================================================================
Received Import Request.
  Time since last request: 0.000037 seconds.
  path: Assets/F1Car/Sprite/tire.png
  artifactKey: Guid(c0623c6a812ee204aaa19f2f20bf7245) Importer(815301076,1909f56bfc062723c751e8b465ee728b)
Start importing Assets/F1Car/Sprite/tire.png using Guid(c0623c6a812ee204aaa19f2f20bf7245) Importer(815301076,1909f56bfc062723c751e8b465ee728b) (PreviewImporter) -> (artifact id: '3c41c5de82957e7dcb858282f9e4552a') in 0.0318699 seconds
Number of updated asset objects reloaded before import = 0Number of asset objects unloaded after import = 3

========================================================================
Received Import Request.
  Time since last request: 0.000028 seconds.
  path: Assets/F1Car/Sprite/Road.png
  artifactKey: Guid(5856bb68d20789e46a8914600597adc8) Importer(815301076,1909f56bfc062723c751e8b465ee728b)
Start importing Assets/F1Car/Sprite/Road.png using Guid(5856bb68d20789e46a8914600597adc8) Importer(815301076,1909f56bfc062723c751e8b465ee728b) (PreviewImporter) -> (artifact id: '524742a5ba3e245f0e743106f6a375a9') in 0.0574458 seconds
Number of updated asset objects reloaded before import = 0Number of asset objects unloaded after import = 3

========================================================================
Received Import Request.
  Time since last request: 0.000138 seconds.
  path: Assets/F1Car/Sprite/win.jpg
  artifactKey: Guid(e4e5cb9cd4670ef4e99c20c5d3e4c2da) Importer(815301076,1909f56bfc062723c751e8b465ee728b)
Start importing Assets/F1Car/Sprite/win.jpg using Guid(e4e5cb9cd4670ef4e99c20c5d3e4c2da) Importer(815301076,1909f56bfc062723c751e8b465ee728b) (PreviewImporter) -> (artifact id: 'dbf4c242d7a60307c752441a948bfad3') in 0.0345349 seconds
Number of updated asset objects reloaded before import = 0Number of asset objects unloaded after import = 3

========================================================================
Received Import Request.
  Time since last request: 0.000024 seconds.
  path: Assets/F1Car/Sprite/F1_car01.png
  artifactKey: Guid(ae84159197d46624fbf53d7b38c40679) Importer(815301076,1909f56bfc062723c751e8b465ee728b)
Start importing Assets/F1Car/Sprite/F1_car01.png using Guid(ae84159197d46624fbf53d7b38c40679) Importer(815301076,1909f56bfc062723c751e8b465ee728b) (PreviewImporter) -> (artifact id: '0c3c060a692b04b9ccfbd8e7ccd7e7a4') in 0.0290822 seconds
Number of updated asset objects reloaded before import = 0Number of asset objects unloaded after import = 3

========================================================================
Received Import Request.
  Time since last request: 0.000018 seconds.
  path: Assets/F1Car/Sprite/Icon_F1_car01.png
  artifactKey: Guid(b3b9d3293cb1dc84bb43e303cea42a60) Importer(815301076,1909f56bfc062723c751e8b465ee728b)
Start importing Assets/F1Car/Sprite/Icon_F1_car01.png using Guid(b3b9d3293cb1dc84bb43e303cea42a60) Importer(815301076,1909f56bfc062723c751e8b465ee728b) (PreviewImporter) -> (artifact id: '229f15e41eeb648623c4e1c9a4970ae5') in 0.0290352 seconds
Number of updated asset objects reloaded before import = 0Number of asset objects unloaded after import = 3

========================================================================
Received Import Request.
  Time since last request: 0.000022 seconds.
  path: Assets/F1Car/Sprite/Icon_F1_car06.png
  artifactKey: Guid(7a9207bd88203f846848e84ddedd689c) Importer(815301076,1909f56bfc062723c751e8b465ee728b)
Start importing Assets/F1Car/Sprite/Icon_F1_car06.png using Guid(7a9207bd88203f846848e84ddedd689c) Importer(815301076,1909f56bfc062723c751e8b465ee728b) (PreviewImporter) -> (artifact id: 'c3a1e56ce3f93a09ca35e90642e193ba') in 0.0575163 seconds
Number of updated asset objects reloaded before import = 0Number of asset objects unloaded after import = 3

========================================================================
Received Import Request.
  Time since last request: 0.000027 seconds.
  path: Assets/F1Car/Sprite/Obj1.png
  artifactKey: Guid(53e4f97dbad78364c9a898cb4bb73152) Importer(815301076,1909f56bfc062723c751e8b465ee728b)
Start importing Assets/F1Car/Sprite/Obj1.png using Guid(53e4f97dbad78364c9a898cb4bb73152) Importer(815301076,1909f56bfc062723c751e8b465ee728b) (PreviewImporter) -> (artifact id: 'a18dafedf29bfe222a0a9fd3389bb244') in 0.0503942 seconds
Number of updated asset objects reloaded before import = 0Number of asset objects unloaded after import = 3

========================================================================
Received Import Request.
  Time since last request: 0.000363 seconds.
  path: Assets/F1Car/Sprite/F1_car04.png
  artifactKey: Guid(55a49a787132b344097bb1e660744d75) Importer(815301076,1909f56bfc062723c751e8b465ee728b)
Start importing Assets/F1Car/Sprite/F1_car04.png using Guid(55a49a787132b344097bb1e660744d75) Importer(815301076,1909f56bfc062723c751e8b465ee728b) (PreviewImporter) -> (artifact id: '958720ef7e86986c4b3f1441e606a2ea') in 0.0866398 seconds
Number of updated asset objects reloaded before import = 0Number of asset objects unloaded after import = 3

========================================================================
Received Import Request.
  Time since last request: 0.000990 seconds.
  path: Assets/F1Car/Sprite/Icon_F1_car04.png
  artifactKey: Guid(576ed99ced986d148a9b1d7fcd92b861) Importer(815301076,1909f56bfc062723c751e8b465ee728b)
Start importing Assets/F1Car/Sprite/Icon_F1_car04.png using Guid(576ed99ced986d148a9b1d7fcd92b861) Importer(815301076,1909f56bfc062723c751e8b465ee728b) (PreviewImporter) -> (artifact id: '50aec27f0b3f57e8235cd12413ef2f0c') in 0.0632827 seconds
Number of updated asset objects reloaded before import = 0Number of asset objects unloaded after import = 3

========================================================================
Received Import Request.
  Time since last request: 0.000211 seconds.
  path: Assets/F1Car/Sprite/F1_car06.png
  artifactKey: Guid(46fc500309703e44c938475aa63c50c8) Importer(815301076,1909f56bfc062723c751e8b465ee728b)
Start importing Assets/F1Car/Sprite/F1_car06.png using Guid(46fc500309703e44c938475aa63c50c8) Importer(815301076,1909f56bfc062723c751e8b465ee728b) (PreviewImporter) -> (artifact id: 'dbc919f5f00cff23b9e12ffb3f01abdd') in 0.1840039 seconds
Number of updated asset objects reloaded before import = 0Number of asset objects unloaded after import = 3

========================================================================
Received Import Request.
  Time since last request: 0.000280 seconds.
  path: Assets/F1Car/Sprite/Road3.png
  artifactKey: Guid(e669b82b16686b948a20c719b7c037f0) Importer(815301076,1909f56bfc062723c751e8b465ee728b)
Start importing Assets/F1Car/Sprite/Road3.png using Guid(e669b82b16686b948a20c719b7c037f0) Importer(815301076,1909f56bfc062723c751e8b465ee728b) (PreviewImporter) -> (artifact id: 'afc2998f1571b8870fb01d95b71d43a1') in 0.1162265 seconds
Number of updated asset objects reloaded before import = 0Number of asset objects unloaded after import = 3

========================================================================
Received Import Request.
  Time since last request: 0.000047 seconds.
  path: Assets/F1Car/Sprite/F1_car03.png
  artifactKey: Guid(2087c8ea6f8dfa847955779612d6ccd8) Importer(815301076,1909f56bfc062723c751e8b465ee728b)
Start importing Assets/F1Car/Sprite/F1_car03.png using Guid(2087c8ea6f8dfa847955779612d6ccd8) Importer(815301076,1909f56bfc062723c751e8b465ee728b) (PreviewImporter) -> (artifact id: 'bcba36d25793954c3d27576d37e99bce') in 0.038488 seconds
Number of updated asset objects reloaded before import = 0Number of asset objects unloaded after import = 3

========================================================================
Received Import Request.
  Time since last request: 0.000153 seconds.
  path: Assets/F1Car/Sprite/Icon_F1_car03.png
  artifactKey: Guid(fb637352031424945b3b9245686c38d8) Importer(815301076,1909f56bfc062723c751e8b465ee728b)
Start importing Assets/F1Car/Sprite/Icon_F1_car03.png using Guid(fb637352031424945b3b9245686c38d8) Importer(815301076,1909f56bfc062723c751e8b465ee728b) (PreviewImporter) -> (artifact id: '99eed87b5f389877a630f3c10ed4f17b') in 0.0398766 seconds
Number of updated asset objects reloaded before import = 0Number of asset objects unloaded after import = 3

========================================================================
Received Import Request.
  Time since last request: 0.000019 seconds.
  path: Assets/F1Car/Sprite/Icon_F1_car07.png
  artifactKey: Guid(a8420eb1cf81e6648821fe1fb1b83b16) Importer(815301076,1909f56bfc062723c751e8b465ee728b)
Start importing Assets/F1Car/Sprite/Icon_F1_car07.png using Guid(a8420eb1cf81e6648821fe1fb1b83b16) Importer(815301076,1909f56bfc062723c751e8b465ee728b) (PreviewImporter) -> (artifact id: '2fa4012807c3bca443314c6d1f11c2f6') in 0.040997 seconds
Number of updated asset objects reloaded before import = 0Number of asset objects unloaded after import = 3

========================================================================
Received Prepare
Begin MonoManager ReloadAssembly
- Loaded All Assemblies, in  0.447 seconds
Refreshing native plugins compatible for Editor in 0.79 ms, found 0 plugins.
Native extension for WindowsStandalone target not found
Native extension for WebGL target not found
Mono: successfully reloaded assembly
- Finished resetting the current domain, in  1.005 seconds
Domain Reload Profiling: 1446ms
	BeginReloadAssembly (278ms)
		ExecutionOrderSort (0ms)
		DisableScriptedObjects (15ms)
		BackupInstance (0ms)
		ReleaseScriptingObjects (0ms)
		CreateAndSetChildDomain (42ms)
	RebuildCommonClasses (80ms)
	RebuildNativeTypeToScriptingClass (24ms)
	initialDomainReloadingComplete (38ms)
	LoadAllAssembliesAndSetupDomain (21ms)
		LoadAssemblies (171ms)
		RebuildTransferFunctionScriptingTraits (0ms)
		AnalyzeDomain (15ms)
			TypeCache.Refresh (6ms)
				TypeCache.ScanAssembly (0ms)
			BuildScriptInfoCaches (6ms)
			ResolveRequiredComponents (1ms)
	FinalizeReload (1005ms)
		ReleaseScriptCaches (0ms)
		RebuildScriptCaches (0ms)
		SetupLoadedEditorAssemblies (661ms)
			LogAssemblyErrors (0ms)
			InitializePlatformSupportModulesInManaged (7ms)
			SetLoadedEditorAssemblies (6ms)
			BeforeProcessingInitializeOnLoad (111ms)
			ProcessInitializeOnLoadAttributes (245ms)
			ProcessInitializeOnLoadMethodAttributes (50ms)
			AfterProcessingInitializeOnLoad (242ms)
			EditorAssembliesLoaded (0ms)
		ExecutionOrderSort2 (0ms)
		AwakeInstancesAfterBackupRestoration (11ms)
Refreshing native plugins compatible for Editor in 0.78 ms, found 0 plugins.
Preloading 0 native plugins for Editor in 0.00 ms.
Unloading 0 Unused Serialized files (Serialized files now loaded: 0)
Unloading 64 unused Assets / (1.0 KB). Loaded Objects now: 743.
Memory consumption went from 87.9 MB to 87.9 MB.
Total: 4.780300 ms (FindLiveObjects: 0.063100 ms CreateObjectMapping: 0.008900 ms MarkObjects: 4.662500 ms  DeleteObjects: 0.043900 ms)

Prepare: number of updated asset objects reloaded= 0
========================================================================
Received Prepare
Begin MonoManager ReloadAssembly
- Loaded All Assemblies, in  0.413 seconds
Refreshing native plugins compatible for Editor in 0.79 ms, found 0 plugins.
Native extension for WindowsStandalone target not found
Native extension for WebGL target not found
Mono: successfully reloaded assembly
- Finished resetting the current domain, in  1.064 seconds
Domain Reload Profiling: 1470ms
	BeginReloadAssembly (254ms)
		ExecutionOrderSort (0ms)
		DisableScriptedObjects (12ms)
		BackupInstance (0ms)
		ReleaseScriptingObjects (0ms)
		CreateAndSetChildDomain (44ms)
	RebuildCommonClasses (69ms)
	RebuildNativeTypeToScriptingClass (28ms)
	initialDomainReloadingComplete (37ms)
	LoadAllAssembliesAndSetupDomain (18ms)
		LoadAssemblies (159ms)
		RebuildTransferFunctionScriptingTraits (0ms)
		AnalyzeDomain (11ms)
			TypeCache.Refresh (5ms)
				TypeCache.ScanAssembly (0ms)
			BuildScriptInfoCaches (4ms)
			ResolveRequiredComponents (1ms)
	FinalizeReload (1064ms)
		ReleaseScriptCaches (0ms)
		RebuildScriptCaches (0ms)
		SetupLoadedEditorAssemblies (556ms)
			LogAssemblyErrors (0ms)
			InitializePlatformSupportModulesInManaged (6ms)
			SetLoadedEditorAssemblies (7ms)
			BeforeProcessingInitializeOnLoad (121ms)
			ProcessInitializeOnLoadAttributes (308ms)
			ProcessInitializeOnLoadMethodAttributes (82ms)
			AfterProcessingInitializeOnLoad (32ms)
			EditorAssembliesLoaded (0ms)
		ExecutionOrderSort2 (0ms)
		AwakeInstancesAfterBackupRestoration (19ms)
Refreshing native plugins compatible for Editor in 0.78 ms, found 0 plugins.
Preloading 0 native plugins for Editor in 0.00 ms.
Unloading 0 Unused Serialized files (Serialized files now loaded: 0)
Unloading 64 unused Assets / (1.0 KB). Loaded Objects now: 743.
Memory consumption went from 87.9 MB to 87.9 MB.
Total: 4.636200 ms (FindLiveObjects: 0.078300 ms CreateObjectMapping: 0.009100 ms MarkObjects: 4.502500 ms  DeleteObjects: 0.044900 ms)

Prepare: number of updated asset objects reloaded= 0
========================================================================
Received Import Request.
  Time since last request: 292.834293 seconds.
  path: Assets/Scenes/edf2.png
  artifactKey: Guid(ea6204e02723c8d49a339aceb4c8b73d) Importer(815301076,1909f56bfc062723c751e8b465ee728b)
Start importing Assets/Scenes/edf2.png using Guid(ea6204e02723c8d49a339aceb4c8b73d) Importer(815301076,1909f56bfc062723c751e8b465ee728b) (PreviewImporter) -> (artifact id: '15c780dd22636d872ab8a3ec1b43ec38') in 0.1580591 seconds
Number of updated asset objects reloaded before import = 0Number of asset objects unloaded after import = 3

========================================================================
Received Prepare
Begin MonoManager ReloadAssembly
- Loaded All Assemblies, in  0.393 seconds
Refreshing native plugins compatible for Editor in 0.79 ms, found 0 plugins.
Native extension for WindowsStandalone target not found
Native extension for WebGL target not found
Mono: successfully reloaded assembly
- Finished resetting the current domain, in  0.938 seconds
Domain Reload Profiling: 1327ms
	BeginReloadAssembly (263ms)
		ExecutionOrderSort (0ms)
		DisableScriptedObjects (8ms)
		BackupInstance (0ms)
		ReleaseScriptingObjects (0ms)
		CreateAndSetChildDomain (38ms)
	RebuildCommonClasses (53ms)
	RebuildNativeTypeToScriptingClass (20ms)
	initialDomainReloadingComplete (36ms)
	LoadAllAssembliesAndSetupDomain (16ms)
		LoadAssemblies (174ms)
		RebuildTransferFunctionScriptingTraits (0ms)
		AnalyzeDomain (10ms)
			TypeCache.Refresh (4ms)
				TypeCache.ScanAssembly (0ms)
			BuildScriptInfoCaches (4ms)
			ResolveRequiredComponents (1ms)
	FinalizeReload (939ms)
		ReleaseScriptCaches (0ms)
		RebuildScriptCaches (0ms)
		SetupLoadedEditorAssemblies (447ms)
			LogAssemblyErrors (0ms)
			InitializePlatformSupportModulesInManaged (6ms)
			SetLoadedEditorAssemblies (7ms)
			BeforeProcessingInitializeOnLoad (111ms)
			ProcessInitializeOnLoadAttributes (246ms)
			ProcessInitializeOnLoadMethodAttributes (57ms)
			AfterProcessingInitializeOnLoad (19ms)
			EditorAssembliesLoaded (0ms)
		ExecutionOrderSort2 (0ms)
		AwakeInstancesAfterBackupRestoration (18ms)
Refreshing native plugins compatible for Editor in 1.06 ms, found 0 plugins.
Preloading 0 native plugins for Editor in 0.00 ms.
Unloading 0 Unused Serialized files (Serialized files now loaded: 0)
Unloading 64 unused Assets / (1.0 KB). Loaded Objects now: 743.
Memory consumption went from 87.9 MB to 87.9 MB.
Total: 8.701800 ms (FindLiveObjects: 0.093900 ms CreateObjectMapping: 0.011200 ms MarkObjects: 8.546900 ms  DeleteObjects: 0.048300 ms)

Prepare: number of updated asset objects reloaded= 0
========================================================================
Received Import Request.
  Time since last request: 29.358190 seconds.
  path: Assets/SpriteCar/GameObject/FristScaneSettings.lighting
  artifactKey: Guid(785a258dcbed00c4fb3d45fd8882756b) Importer(815301076,1909f56bfc062723c751e8b465ee728b)
Start importing Assets/SpriteCar/GameObject/FristScaneSettings.lighting using Guid(785a258dcbed00c4fb3d45fd8882756b) Importer(815301076,1909f56bfc062723c751e8b465ee728b) (PreviewImporter) -> (artifact id: '613f676961a9581eb172b026c6dc103f') in 0.0309405 seconds
Number of updated asset objects reloaded before import = 0Number of asset objects unloaded after import = 1

========================================================================
Received Import Request.
  Time since last request: 1.990129 seconds.
  path: Assets/SpriteCar/GameObject/FristScane.unity
  artifactKey: Guid(50a3b2cf1edc3ab4cbf40037d3280eeb) Importer(815301076,1909f56bfc062723c751e8b465ee728b)
Start importing Assets/SpriteCar/GameObject/FristScane.unity using Guid(50a3b2cf1edc3ab4cbf40037d3280eeb) Importer(815301076,1909f56bfc062723c751e8b465ee728b) (PreviewImporter) -> (artifact id: '497c11d266425556930adf42a24fda40') in 0.0007248 seconds
Number of updated asset objects reloaded before import = 0Number of asset objects unloaded after import = 0

========================================================================
Received Prepare
Begin MonoManager ReloadAssembly
- Loaded All Assemblies, in  0.531 seconds
Refreshing native plugins compatible for Editor in 2.51 ms, found 0 plugins.
Native extension for WindowsStandalone target not found
Native extension for WebGL target not found
Mono: successfully reloaded assembly
- Finished resetting the current domain, in  1.181 seconds
Domain Reload Profiling: 1699ms
	BeginReloadAssembly (313ms)
		ExecutionOrderSort (0ms)
		DisableScriptedObjects (8ms)
		BackupInstance (0ms)
		ReleaseScriptingObjects (0ms)
		CreateAndSetChildDomain (34ms)
	RebuildCommonClasses (69ms)
	RebuildNativeTypeToScriptingClass (37ms)
	initialDomainReloadingComplete (70ms)
	LoadAllAssembliesAndSetupDomain (28ms)
		LoadAssemblies (228ms)
		RebuildTransferFunctionScriptingTraits (0ms)
		AnalyzeDomain (16ms)
			TypeCache.Refresh (8ms)
				TypeCache.ScanAssembly (0ms)
			BuildScriptInfoCaches (6ms)
			ResolveRequiredComponents (1ms)
	FinalizeReload (1183ms)
		ReleaseScriptCaches (0ms)
		RebuildScriptCaches (0ms)
		SetupLoadedEditorAssemblies (636ms)
			LogAssemblyErrors (0ms)
			InitializePlatformSupportModulesInManaged (5ms)
			SetLoadedEditorAssemblies (6ms)
			BeforeProcessingInitializeOnLoad (113ms)
			ProcessInitializeOnLoadAttributes (396ms)
			ProcessInitializeOnLoadMethodAttributes (88ms)
			AfterProcessingInitializeOnLoad (28ms)
			EditorAssembliesLoaded (0ms)
		ExecutionOrderSort2 (0ms)
		AwakeInstancesAfterBackupRestoration (19ms)
Refreshing native plugins compatible for Editor in 1.04 ms, found 0 plugins.
Preloading 0 native plugins for Editor in 0.00 ms.
Unloading 0 Unused Serialized files (Serialized files now loaded: 0)
Unloading 64 unused Assets / (1.0 KB). Loaded Objects now: 743.
Memory consumption went from 87.9 MB to 87.9 MB.
Total: 7.408900 ms (FindLiveObjects: 0.111400 ms CreateObjectMapping: 0.023700 ms MarkObjects: 7.212200 ms  DeleteObjects: 0.060400 ms)

Prepare: number of updated asset objects reloaded= 0
========================================================================
Received Prepare
Begin MonoManager ReloadAssembly
- Loaded All Assemblies, in  0.464 seconds
Refreshing native plugins compatible for Editor in 1.18 ms, found 0 plugins.
Native extension for WindowsStandalone target not found
Native extension for WebGL target not found
Mono: successfully reloaded assembly
- Finished resetting the current domain, in  1.124 seconds
Domain Reload Profiling: 1579ms
	BeginReloadAssembly (318ms)
		ExecutionOrderSort (0ms)
		DisableScriptedObjects (13ms)
		BackupInstance (0ms)
		ReleaseScriptingObjects (0ms)
		CreateAndSetChildDomain (48ms)
	RebuildCommonClasses (58ms)
	RebuildNativeTypeToScriptingClass (25ms)
	initialDomainReloadingComplete (35ms)
	LoadAllAssembliesAndSetupDomain (18ms)
		LoadAssemblies (201ms)
		RebuildTransferFunctionScriptingTraits (0ms)
		AnalyzeDomain (13ms)
			TypeCache.Refresh (5ms)
				TypeCache.ScanAssembly (0ms)
			BuildScriptInfoCaches (4ms)
			ResolveRequiredComponents (1ms)
	FinalizeReload (1125ms)
		ReleaseScriptCaches (0ms)
		RebuildScriptCaches (0ms)
		SetupLoadedEditorAssemblies (635ms)
			LogAssemblyErrors (0ms)
			InitializePlatformSupportModulesInManaged (9ms)
			SetLoadedEditorAssemblies (12ms)
			BeforeProcessingInitializeOnLoad (242ms)
			ProcessInitializeOnLoadAttributes (313ms)
			ProcessInitializeOnLoadMethodAttributes (45ms)
			AfterProcessingInitializeOnLoad (13ms)
			EditorAssembliesLoaded (0ms)
		ExecutionOrderSort2 (0ms)
		AwakeInstancesAfterBackupRestoration (12ms)
Refreshing native plugins compatible for Editor in 0.79 ms, found 0 plugins.
Preloading 0 native plugins for Editor in 0.00 ms.
Unloading 0 Unused Serialized files (Serialized files now loaded: 0)
Unloading 64 unused Assets / (1.0 KB). Loaded Objects now: 743.
Memory consumption went from 87.9 MB to 87.9 MB.
Total: 5.158500 ms (FindLiveObjects: 0.080000 ms CreateObjectMapping: 0.009000 ms MarkObjects: 5.029300 ms  DeleteObjects: 0.038800 ms)

Prepare: number of updated asset objects reloaded= 0
========================================================================
Received Import Request.
  Time since last request: 408.153803 seconds.
  path: Packages/com.unity.multiplayer.center/package.json
  artifactKey: Guid(df0857f6a11054383be91b1f8e1b5800) Importer(815301076,1909f56bfc062723c751e8b465ee728b)
Start importing Packages/com.unity.multiplayer.center/package.json using Guid(df0857f6a11054383be91b1f8e1b5800) Importer(815301076,1909f56bfc062723c751e8b465ee728b) (PreviewImporter) -> (artifact id: '2a61d8c741cf2deeadd293a55c21ac7e') in 0.1122284 seconds
Number of updated asset objects reloaded before import = 0Number of asset objects unloaded after import = 1

========================================================================
Received Import Request.
  Time since last request: 1.481443 seconds.
  path: Packages/com.unity.multiplayer.center/Common/Unity.Multiplayer.Center.Common.asmdef
  artifactKey: Guid(84abd2ab34a74600a33a3bb9d72859fe) Importer(815301076,1909f56bfc062723c751e8b465ee728b)
Start importing Packages/com.unity.multiplayer.center/Common/Unity.Multiplayer.Center.Common.asmdef using Guid(84abd2ab34a74600a33a3bb9d72859fe) Importer(815301076,1909f56bfc062723c751e8b465ee728b) (PreviewImporter) -> (artifact id: '5d8f63996509c71a632148b9c65fa042') in 0.0009876 seconds
Number of updated asset objects reloaded before import = 0Number of asset objects unloaded after import = 0

========================================================================
Received Import Request.
  Time since last request: 3.220856 seconds.
  path: Packages/com.unity.multiplayer.center/Common/StyleConstants.cs
  artifactKey: Guid(50d5ff9fe4ab4477b7ea648da183e9d1) Importer(815301076,1909f56bfc062723c751e8b465ee728b)
Start importing Packages/com.unity.multiplayer.center/Common/StyleConstants.cs using Guid(50d5ff9fe4ab4477b7ea648da183e9d1) Importer(815301076,1909f56bfc062723c751e8b465ee728b) (PreviewImporter) -> (artifact id: '31b91c1910743f659d7531fd80093730') in 0.0008882 seconds
Number of updated asset objects reloaded before import = 0Number of asset objects unloaded after import = 0

========================================================================
Received Import Request.
  Time since last request: 7.631885 seconds.
  path: Packages/com.unity.multiplayer.center/Common
  artifactKey: Guid(f247964bd405431fbd31840f97bef608) Importer(815301076,1909f56bfc062723c751e8b465ee728b)
Start importing Packages/com.unity.multiplayer.center/Common using Guid(f247964bd405431fbd31840f97bef608) Importer(815301076,1909f56bfc062723c751e8b465ee728b) (PreviewImporter) -> (artifact id: '49bb803ba7263a0763911f1b46df6fbd') in 0.0012644 seconds
Number of updated asset objects reloaded before import = 0Number of asset objects unloaded after import = 0

========================================================================
Received Import Request.
  Time since last request: 2.860428 seconds.
  path: Packages/com.unity.multiplayer.center/Common/AnswerData.cs
  artifactKey: Guid(89b6d933e4994d0980f6b48dc2b8779c) Importer(815301076,1909f56bfc062723c751e8b465ee728b)
Start importing Packages/com.unity.multiplayer.center/Common/AnswerData.cs using Guid(89b6d933e4994d0980f6b48dc2b8779c) Importer(815301076,1909f56bfc062723c751e8b465ee728b) (PreviewImporter) -> (artifact id: '9cf185d25c9c4e8cd33b3b6eed8f36b6') in 0.0011719 seconds
Number of updated asset objects reloaded before import = 0Number of asset objects unloaded after import = 0

========================================================================
Received Import Request.
  Time since last request: 28.086132 seconds.
  path: Assets/car_people7.png
  artifactKey: Guid(f551d7c033a53274b8a9025ca24e06c1) Importer(815301076,1909f56bfc062723c751e8b465ee728b)
Start importing Assets/car_people7.png using Guid(f551d7c033a53274b8a9025ca24e06c1) Importer(815301076,1909f56bfc062723c751e8b465ee728b) (PreviewImporter) -> (artifact id: 'f72f56f27afb71aafa022e4e148b63ce') in 25.7443618 seconds
Number of updated asset objects reloaded before import = 0Number of asset objects unloaded after import = 3

========================================================================
Received Import Request.
  Time since last request: 0.000081 seconds.
  path: Assets/charco.png
  artifactKey: Guid(7a181c0977e4e194c8750ddbb77e8f42) Importer(815301076,1909f56bfc062723c751e8b465ee728b)
Start importing Assets/charco.png using Guid(7a181c0977e4e194c8750ddbb77e8f42) Importer(815301076,1909f56bfc062723c751e8b465ee728b) (PreviewImporter) -> (artifact id: '785742d89b6bbbc4900617031be65c17') in 0.2158544 seconds
Number of updated asset objects reloaded before import = 0Number of asset objects unloaded after import = 3

========================================================================
Received Import Request.
  Time since last request: 0.000619 seconds.
  path: Assets/tronco.png
  artifactKey: Guid(5c6b8e4ae3b2f4e4da17cf91d8784fad) Importer(815301076,1909f56bfc062723c751e8b465ee728b)
Start importing Assets/tronco.png using Guid(5c6b8e4ae3b2f4e4da17cf91d8784fad) Importer(815301076,1909f56bfc062723c751e8b465ee728b) (PreviewImporter) -> (artifact id: '5e0d3799517ec552fd99197c68169b3f') in 0.1339607 seconds
Number of updated asset objects reloaded before import = 0Number of asset objects unloaded after import = 3

========================================================================
Received Import Request.
  Time since last request: 0.000043 seconds.
  path: Assets/noche.png
  artifactKey: Guid(71934a9879e54114ca27e88f21553b45) Importer(815301076,1909f56bfc062723c751e8b465ee728b)
Start importing Assets/noche.png using Guid(71934a9879e54114ca27e88f21553b45) Importer(815301076,1909f56bfc062723c751e8b465ee728b) (PreviewImporter) -> (artifact id: '19b2989e6792f0342215cdc727da2943') in 0.6265344 seconds
Number of updated asset objects reloaded before import = 0Number of asset objects unloaded after import = 3

========================================================================
Received Import Request.
  Time since last request: 0.006634 seconds.
  path: Assets/edf2.png
  artifactKey: Guid(d4011201eac2abb4389d9a276d0ea3b2) Importer(815301076,1909f56bfc062723c751e8b465ee728b)
Start importing Assets/edf2.png using Guid(d4011201eac2abb4389d9a276d0ea3b2) Importer(815301076,1909f56bfc062723c751e8b465ee728b) (PreviewImporter) -> (artifact id: '22b0f0e28a5afa85729a299e661b6e41') in 0.7638356 seconds
Number of updated asset objects reloaded before import = 0Number of asset objects unloaded after import = 3

========================================================================
Received Import Request.
  Time since last request: 0.000063 seconds.
  path: Assets/montaas.png
  artifactKey: Guid(22fcee7c4e4007c40bd2d34975b58913) Importer(815301076,1909f56bfc062723c751e8b465ee728b)
Start importing Assets/montaas.png using Guid(22fcee7c4e4007c40bd2d34975b58913) Importer(815301076,1909f56bfc062723c751e8b465ee728b) (PreviewImporter) -> (artifact id: 'c49d340e9834dd754e0bcdfbf714ccc8') in 0.2742431 seconds
Number of updated asset objects reloaded before import = 0Number of asset objects unloaded after import = 3

========================================================================
Received Import Request.
  Time since last request: 0.000062 seconds.
  path: Assets/edificio.png
  artifactKey: Guid(6ba3b462c34f9534fbe22511a1729d08) Importer(815301076,1909f56bfc062723c751e8b465ee728b)
Start importing Assets/edificio.png using Guid(6ba3b462c34f9534fbe22511a1729d08) Importer(815301076,1909f56bfc062723c751e8b465ee728b) (PreviewImporter) -> (artifact id: '33a5582563a338c4210f0868c16fd23d') in 0.5340988 seconds
Number of updated asset objects reloaded before import = 0Number of asset objects unloaded after import = 3

========================================================================
Received Import Request.
  Time since last request: 28.763619 seconds.
  path: Assets/SpriteCar/car_people1.png
  artifactKey: Guid(9022f4747f0c1824f96338aa0250f40c) Importer(815301076,1909f56bfc062723c751e8b465ee728b)
Start importing Assets/SpriteCar/car_people1.png using Guid(9022f4747f0c1824f96338aa0250f40c) Importer(815301076,1909f56bfc062723c751e8b465ee728b) (PreviewImporter) -> (artifact id: 'f7ed12e133c46c4068b2d2d567e179ad') in 0.043348 seconds
Number of updated asset objects reloaded before import = 0Number of asset objects unloaded after import = 3

========================================================================
Received Import Request.
  Time since last request: 0.000062 seconds.
  path: Assets/SpriteCar/car_people5.png
  artifactKey: Guid(a92c76142e394c548aba0005717a672f) Importer(815301076,1909f56bfc062723c751e8b465ee728b)
Start importing Assets/SpriteCar/car_people5.png using Guid(a92c76142e394c548aba0005717a672f) Importer(815301076,1909f56bfc062723c751e8b465ee728b) (PreviewImporter) -> (artifact id: '2aaf04008a5024161601b8f90927be74') in 0.0378022 seconds
Number of updated asset objects reloaded before import = 0Number of asset objects unloaded after import = 3

========================================================================
Received Import Request.
  Time since last request: 0.000032 seconds.
  path: Assets/SpriteCar/car_people6.png
  artifactKey: Guid(7dde6004e98375043a2aa3b9620f7849) Importer(815301076,1909f56bfc062723c751e8b465ee728b)
Start importing Assets/SpriteCar/car_people6.png using Guid(7dde6004e98375043a2aa3b9620f7849) Importer(815301076,1909f56bfc062723c751e8b465ee728b) (PreviewImporter) -> (artifact id: 'd1ccc913145a9818c2ba4380912aac43') in 0.0386133 seconds
Number of updated asset objects reloaded before import = 0Number of asset objects unloaded after import = 3

========================================================================
Received Import Request.
  Time since last request: 0.000031 seconds.
  path: Assets/SpriteCar/car_people4.png
  artifactKey: Guid(2f27fa98af6744346bf4105e1707a2c1) Importer(815301076,1909f56bfc062723c751e8b465ee728b)
Start importing Assets/SpriteCar/car_people4.png using Guid(2f27fa98af6744346bf4105e1707a2c1) Importer(815301076,1909f56bfc062723c751e8b465ee728b) (PreviewImporter) -> (artifact id: '648edbbbee4abf534f60aa589a80e883') in 0.0384407 seconds
Number of updated asset objects reloaded before import = 0Number of asset objects unloaded after import = 3

========================================================================
Received Import Request.
  Time since last request: 0.000038 seconds.
  path: Assets/SpriteCar/car_people3.png
  artifactKey: Guid(4d7277d4e3099d14687f89076388261b) Importer(815301076,1909f56bfc062723c751e8b465ee728b)
Start importing Assets/SpriteCar/car_people3.png using Guid(4d7277d4e3099d14687f89076388261b) Importer(815301076,1909f56bfc062723c751e8b465ee728b) (PreviewImporter) -> (artifact id: '60d5be9000526de693a9fa6f0345b600') in 0.0406002 seconds
Number of updated asset objects reloaded before import = 0Number of asset objects unloaded after import = 3

========================================================================
Received Import Request.
  Time since last request: 0.000231 seconds.
  path: Assets/SpriteCar/car_people8.png
  artifactKey: Guid(f00cbb912392c0c4fba74a7d0d42d2c3) Importer(815301076,1909f56bfc062723c751e8b465ee728b)
Start importing Assets/SpriteCar/car_people8.png using Guid(f00cbb912392c0c4fba74a7d0d42d2c3) Importer(815301076,1909f56bfc062723c751e8b465ee728b) (PreviewImporter) -> (artifact id: '7e9735d7bf999befbf1e93f5c6a78d09') in 0.0425886 seconds
Number of updated asset objects reloaded before import = 0Number of asset objects unloaded after import = 3

========================================================================
Received Import Request.
  Time since last request: 0.000029 seconds.
  path: Assets/SpriteCar/car_people2.png
  artifactKey: Guid(c2bd2b83d2c3fc04e84d6144d0ed249f) Importer(815301076,1909f56bfc062723c751e8b465ee728b)
Start importing Assets/SpriteCar/car_people2.png using Guid(c2bd2b83d2c3fc04e84d6144d0ed249f) Importer(815301076,1909f56bfc062723c751e8b465ee728b) (PreviewImporter) -> (artifact id: '6d4ce3775df2816ef5b470ea140107c0') in 0.0441784 seconds
Number of updated asset objects reloaded before import = 0Number of asset objects unloaded after import = 3

========================================================================
Received Import Request.
  Time since last request: 0.000025 seconds.
  path: Assets/SpriteCar/car_people7.png
  artifactKey: Guid(e8e4ba36562a78844bb5c7abcdb45dd1) Importer(815301076,1909f56bfc062723c751e8b465ee728b)
Start importing Assets/SpriteCar/car_people7.png using Guid(e8e4ba36562a78844bb5c7abcdb45dd1) Importer(815301076,1909f56bfc062723c751e8b465ee728b) (PreviewImporter) -> (artifact id: 'c42b21b1b56ae0b7cfe438c445476322') in 0.0348006 seconds
Number of updated asset objects reloaded before import = 0Number of asset objects unloaded after import = 3

========================================================================
Received Import Request.
  Time since last request: 24.109940 seconds.
  path: Assets/Scenes/SampleScene.unity
  artifactKey: Guid(8c9cfa26abfee488c85f1582747f6a02) Importer(815301076,1909f56bfc062723c751e8b465ee728b)
Start importing Assets/Scenes/SampleScene.unity using Guid(8c9cfa26abfee488c85f1582747f6a02) Importer(815301076,1909f56bfc062723c751e8b465ee728b) (PreviewImporter) -> (artifact id: '4356a4e0efafe2da4e825d4a5b22b180') in 0.0014239 seconds
Number of updated asset objects reloaded before import = 0Number of asset objects unloaded after import = 0

========================================================================
Received Import Request.
  Time since last request: 217.632775 seconds.
  path: Packages/com.unity.multiplayer.center/Editor
  artifactKey: Guid(72aad6ae0dafb492cbf852432441bb38) Importer(815301076,1909f56bfc062723c751e8b465ee728b)
Start importing Packages/com.unity.multiplayer.center/Editor using Guid(72aad6ae0dafb492cbf852432441bb38) Importer(815301076,1909f56bfc062723c751e8b465ee728b) (PreviewImporter) -> (artifact id: '37dd2cc25ffc17c48daebf2eb87cd262') in 0.0120578 seconds
Number of updated asset objects reloaded before import = 0Number of asset objects unloaded after import = 0

========================================================================
Received Import Request.
  Time since last request: 0.779298 seconds.
  path: Packages/com.unity.multiplayer.center/Editor/Unity.Multiplayer.Center.Editor.asmdef
  artifactKey: Guid(be17709716f1648caa5de6d0c38103ed) Importer(815301076,1909f56bfc062723c751e8b465ee728b)
Start importing Packages/com.unity.multiplayer.center/Editor/Unity.Multiplayer.Center.Editor.asmdef using Guid(be17709716f1648caa5de6d0c38103ed) Importer(815301076,1909f56bfc062723c751e8b465ee728b) (PreviewImporter) -> (artifact id: '749abb5877dcaa1976dc8f5d7a656d2a') in 0.003755 seconds
Number of updated asset objects reloaded before import = 0Number of asset objects unloaded after import = 0

========================================================================
Received Import Request.
  Time since last request: 2.782153 seconds.
  path: Packages/com.unity.multiplayer.center/Editor/Recommendations
  artifactKey: Guid(97646f506bf040e9bd4568124c8b425e) Importer(815301076,1909f56bfc062723c751e8b465ee728b)
Start importing Packages/com.unity.multiplayer.center/Editor/Recommendations using Guid(97646f506bf040e9bd4568124c8b425e) Importer(815301076,1909f56bfc062723c751e8b465ee728b) (PreviewImporter) -> (artifact id: '5c8618244bd0e4f172d137fc831c232c') in 0.0016486 seconds
Number of updated asset objects reloaded before import = 0Number of asset objects unloaded after import = 0

